{"/home/travis/build/npmtest/node-npmtest-glslify/test.js":{"path":"/home/travis/build/npmtest/node-npmtest-glslify/test.js","s":{"1":2,"2":2,"3":2,"4":2,"5":2,"6":2,"7":2,"8":1,"9":2,"10":2,"11":1,"12":1,"13":1,"14":1,"15":2,"16":2,"17":2,"18":2,"19":1,"20":1,"21":2,"22":2,"23":2,"24":1,"25":1,"26":1,"27":1,"28":1,"29":1,"30":1,"31":1,"32":1,"33":1,"34":1,"35":1,"36":1,"37":1,"38":1,"39":2,"40":2,"41":1,"42":2,"43":2,"44":1,"45":2,"46":2,"47":1,"48":2,"49":2,"50":1,"51":1,"52":1,"53":1,"54":1},"b":{"1":[2,1,1,1],"2":[1,1,1,1],"3":[1,1],"4":[1,1],"5":[1,1],"6":[1,1],"7":[1,1],"8":[1,1],"9":[1,1],"10":[1,1,1],"11":[1,1],"12":[1,1],"13":[1,1],"14":[1,1],"15":[1,1],"16":[1,1],"17":[1,1]},"f":{"1":2,"2":2,"3":2,"4":2,"5":2,"6":1,"7":1,"8":1,"9":2,"10":2,"11":2,"12":2,"13":1},"fnMap":{"1":{"name":"(anonymous_1)","line":12,"loc":{"start":{"line":12,"column":1},"end":{"line":12,"column":13}}},"2":{"name":"(anonymous_2)","line":19,"loc":{"start":{"line":19,"column":5},"end":{"line":19,"column":17}}},"3":{"name":"(anonymous_3)","line":23,"loc":{"start":{"line":23,"column":24},"end":{"line":23,"column":36}}},"4":{"name":"(anonymous_4)","line":61,"loc":{"start":{"line":61,"column":5},"end":{"line":61,"column":17}}},"5":{"name":"(anonymous_5)","line":82,"loc":{"start":{"line":82,"column":5},"end":{"line":82,"column":17}}},"6":{"name":"(anonymous_6)","line":91,"loc":{"start":{"line":91,"column":77},"end":{"line":94,"column":10}}},"7":{"name":"(anonymous_7)","line":112,"loc":{"start":{"line":112,"column":83},"end":{"line":115,"column":10}},"skip":true},"8":{"name":"(anonymous_8)","line":123,"loc":{"start":{"line":123,"column":77},"end":{"line":126,"column":10}},"skip":true},"9":{"name":"(anonymous_9)","line":139,"loc":{"start":{"line":139,"column":12},"end":{"line":139,"column":40}},"skip":true},"10":{"name":"(anonymous_10)","line":147,"loc":{"start":{"line":147,"column":77},"end":{"line":150,"column":10}},"skip":true},"11":{"name":"(anonymous_11)","line":158,"loc":{"start":{"line":158,"column":83},"end":{"line":161,"column":10}},"skip":true},"12":{"name":"(anonymous_12)","line":169,"loc":{"start":{"line":169,"column":79},"end":{"line":172,"column":10}},"skip":true},"13":{"name":"(anonymous_13)","line":180,"loc":{"start":{"line":180,"column":75},"end":{"line":183,"column":10}},"skip":true}},"statementMap":{"1":{"start":{"line":12,"column":0},"end":{"line":195,"column":5}},"2":{"start":{"line":14,"column":4},"end":{"line":14,"column":14}},"3":{"start":{"line":19,"column":4},"end":{"line":56,"column":9}},"4":{"start":{"line":21,"column":8},"end":{"line":21,"column":19}},"5":{"start":{"line":23,"column":8},"end":{"line":35,"column":13}},"6":{"start":{"line":24,"column":12},"end":{"line":34,"column":13}},"7":{"start":{"line":25,"column":16},"end":{"line":28,"column":30}},"8":{"start":{"line":30,"column":16},"end":{"line":33,"column":27}},"9":{"start":{"line":37,"column":8},"end":{"line":39,"column":21}},"10":{"start":{"line":40,"column":8},"end":{"line":53,"column":9}},"11":{"start":{"line":43,"column":12},"end":{"line":46,"column":14}},"12":{"start":{"line":47,"column":12},"end":{"line":47,"column":18}},"13":{"start":{"line":50,"column":12},"end":{"line":51,"column":33}},"14":{"start":{"line":52,"column":12},"end":{"line":52,"column":18}},"15":{"start":{"line":55,"column":8},"end":{"line":55,"column":35}},"16":{"start":{"line":61,"column":4},"end":{"line":63,"column":9}},"17":{"start":{"line":62,"column":8},"end":{"line":62,"column":15}},"18":{"start":{"line":64,"column":4},"end":{"line":77,"column":5}},"19":{"start":{"line":70,"column":8},"end":{"line":70,"column":14}},"20":{"start":{"line":76,"column":8},"end":{"line":76,"column":14}},"21":{"start":{"line":82,"column":4},"end":{"line":84,"column":9}},"22":{"start":{"line":83,"column":8},"end":{"line":83,"column":15}},"23":{"start":{"line":85,"column":4},"end":{"line":194,"column":5}},"24":{"start":{"line":91,"column":8},"end":{"line":99,"column":10}},"25":{"start":{"line":98,"column":12},"end":{"line":98,"column":35}},"26":{"start":{"line":102,"column":8},"end":{"line":104,"column":63}},"27":{"start":{"line":105,"column":8},"end":{"line":105,"column":14}},"28":{"start":{"line":112,"column":8},"end":{"line":121,"column":10},"skip":true},"29":{"start":{"line":119,"column":12},"end":{"line":119,"column":55},"skip":true},"30":{"start":{"line":120,"column":12},"end":{"line":120,"column":48},"skip":true},"31":{"start":{"line":123,"column":8},"end":{"line":136,"column":10},"skip":true},"32":{"start":{"line":130,"column":12},"end":{"line":130,"column":76},"skip":true},"33":{"start":{"line":131,"column":12},"end":{"line":131,"column":73},"skip":true},"34":{"start":{"line":132,"column":12},"end":{"line":132,"column":74},"skip":true},"35":{"start":{"line":133,"column":12},"end":{"line":133,"column":79},"skip":true},"36":{"start":{"line":134,"column":12},"end":{"line":134,"column":25},"skip":true},"37":{"start":{"line":135,"column":12},"end":{"line":135,"column":45},"skip":true},"38":{"start":{"line":138,"column":8},"end":{"line":145,"column":14},"skip":true},"39":{"start":{"line":143,"column":16},"end":{"line":143,"column":29},"skip":true},"40":{"start":{"line":144,"column":16},"end":{"line":144,"column":55},"skip":true},"41":{"start":{"line":147,"column":8},"end":{"line":156,"column":10},"skip":true},"42":{"start":{"line":154,"column":12},"end":{"line":154,"column":25},"skip":true},"43":{"start":{"line":155,"column":12},"end":{"line":155,"column":45},"skip":true},"44":{"start":{"line":158,"column":8},"end":{"line":167,"column":10},"skip":true},"45":{"start":{"line":165,"column":12},"end":{"line":165,"column":25},"skip":true},"46":{"start":{"line":166,"column":12},"end":{"line":166,"column":48},"skip":true},"47":{"start":{"line":169,"column":8},"end":{"line":178,"column":10},"skip":true},"48":{"start":{"line":176,"column":12},"end":{"line":176,"column":25},"skip":true},"49":{"start":{"line":177,"column":12},"end":{"line":177,"column":46},"skip":true},"50":{"start":{"line":180,"column":8},"end":{"line":189,"column":10},"skip":true},"51":{"start":{"line":187,"column":12},"end":{"line":187,"column":94},"skip":true},"52":{"start":{"line":188,"column":12},"end":{"line":188,"column":48},"skip":true},"53":{"start":{"line":192,"column":8},"end":{"line":192,"column":35},"skip":true},"54":{"start":{"line":193,"column":8},"end":{"line":193,"column":14},"skip":true}},"branchMap":{"1":{"line":25,"type":"binary-expr","locations":[{"start":{"line":25,"column":23},"end":{"line":25,"column":62}},{"start":{"line":26,"column":20},"end":{"line":26,"column":70}},{"start":{"line":27,"column":20},"end":{"line":27,"column":71}},{"start":{"line":28,"column":20},"end":{"line":28,"column":29}}]},"2":{"line":30,"type":"binary-expr","locations":[{"start":{"line":30,"column":23},"end":{"line":30,"column":37}},{"start":{"line":31,"column":20},"end":{"line":31,"column":61}},{"start":{"line":32,"column":20},"end":{"line":32,"column":70}},{"start":{"line":33,"column":20},"end":{"line":33,"column":26}}]},"3":{"line":37,"type":"cond-expr","locations":[{"start":{"line":38,"column":14},"end":{"line":38,"column":20}},{"start":{"line":39,"column":14},"end":{"line":39,"column":20}}]},"4":{"line":40,"type":"switch","locations":[{"start":{"line":42,"column":8},"end":{"line":47,"column":18}},{"start":{"line":49,"column":8},"end":{"line":52,"column":18}}]},"5":{"line":44,"type":"binary-expr","locations":[{"start":{"line":44,"column":16},"end":{"line":44,"column":44}},{"start":{"line":44,"column":48},"end":{"line":44,"column":66}}]},"6":{"line":50,"type":"binary-expr","locations":[{"start":{"line":50,"column":21},"end":{"line":50,"column":49}},{"start":{"line":50,"column":53},"end":{"line":50,"column":72}}]},"7":{"line":64,"type":"switch","locations":[{"start":{"line":69,"column":4},"end":{"line":70,"column":14}},{"start":{"line":75,"column":4},"end":{"line":76,"column":14}}]},"8":{"line":85,"type":"switch","locations":[{"start":{"line":90,"column":4},"end":{"line":105,"column":14}},{"start":{"line":111,"column":4},"end":{"line":193,"column":14},"skip":true}]},"9":{"line":91,"type":"binary-expr","locations":[{"start":{"line":91,"column":42},"end":{"line":91,"column":73}},{"start":{"line":91,"column":77},"end":{"line":99,"column":9}}]},"10":{"line":102,"type":"binary-expr","locations":[{"start":{"line":102,"column":18},"end":{"line":102,"column":32}},{"start":{"line":103,"column":12},"end":{"line":103,"column":53}},{"start":{"line":104,"column":12},"end":{"line":104,"column":61}}]},"11":{"line":112,"type":"binary-expr","locations":[{"start":{"line":112,"column":45},"end":{"line":112,"column":79},"skip":true},{"start":{"line":112,"column":83},"end":{"line":121,"column":9},"skip":true}]},"12":{"line":123,"type":"binary-expr","locations":[{"start":{"line":123,"column":42},"end":{"line":123,"column":73},"skip":true},{"start":{"line":123,"column":77},"end":{"line":136,"column":9},"skip":true}]},"13":{"line":138,"type":"binary-expr","locations":[{"start":{"line":138,"column":48},"end":{"line":138,"column":85},"skip":true},{"start":{"line":139,"column":12},"end":{"line":145,"column":13},"skip":true}]},"14":{"line":147,"type":"binary-expr","locations":[{"start":{"line":147,"column":42},"end":{"line":147,"column":73},"skip":true},{"start":{"line":147,"column":77},"end":{"line":156,"column":9},"skip":true}]},"15":{"line":158,"type":"binary-expr","locations":[{"start":{"line":158,"column":45},"end":{"line":158,"column":79},"skip":true},{"start":{"line":158,"column":83},"end":{"line":167,"column":9},"skip":true}]},"16":{"line":169,"type":"binary-expr","locations":[{"start":{"line":169,"column":43},"end":{"line":169,"column":75},"skip":true},{"start":{"line":169,"column":79},"end":{"line":178,"column":9},"skip":true}]},"17":{"line":180,"type":"binary-expr","locations":[{"start":{"line":180,"column":41},"end":{"line":180,"column":71},"skip":true},{"start":{"line":180,"column":75},"end":{"line":189,"column":9},"skip":true}]}},"code":["/* istanbul instrument in package npmtest_glslify */","/*jslint","    bitwise: true,","    browser: true,","    maxerr: 8,","    maxlen: 96,","    node: true,","    nomen: true,","    regexp: true,","    stupid: true","*/","(function () {","    'use strict';","    var local;","","","","    // run shared js-env code - pre-init","    (function () {","        // init local","        local = {};","        // init modeJs","        local.modeJs = (function () {","            try {","                return typeof navigator.userAgent === 'string' &&","                    typeof document.querySelector('body') === 'object' &&","                    typeof XMLHttpRequest.prototype.open === 'function' &&","                    'browser';","            } catch (errorCaughtBrowser) {","                return module.exports &&","                    typeof process.versions.node === 'string' &&","                    typeof require('http').createServer === 'function' &&","                    'node';","            }","        }());","        // init global","        local.global = local.modeJs === 'browser'","            ? window","            : global;","        switch (local.modeJs) {","        // re-init local from window.local","        case 'browser':","            local = local.global.utility2.objectSetDefault(","                local.global.utility2_rollup || local.global.local,","                local.global.utility2","            );","            break;","        // re-init local from example.js","        case 'node':","            local = (local.global.utility2_rollup || require('utility2'))","                .requireReadme();","            break;","        }","        // export local","        local.global.local = local;","    }());","","","","    // run shared js-env code - function","    (function () {","        return;","    }());","    switch (local.modeJs) {","","","","    // run browser js-env code - function","    case 'browser':","        break;","","","","    // run node js-env code - function","    case 'node':","        break;","    }","","","","    // run shared js-env code - post-init","    (function () {","        return;","    }());","    switch (local.modeJs) {","","","","    // run browser js-env code - post-init","    case 'browser':","        local.testCase_browser_nullCase = local.testCase_browser_nullCase || function (","            options,","            onError","        ) {","        /*","         * this function will test browsers's null-case handling-behavior-behavior","         */","            onError(null, options);","        };","","        // run tests","        local.nop(local.modeTest &&","            document.querySelector('#testRunButton1') &&","            document.querySelector('#testRunButton1').click());","        break;","","","","    // run node js-env code - post-init","    /* istanbul ignore next */","    case 'node':","        local.testCase_buildApidoc_default = local.testCase_buildApidoc_default || function (","            options,","            onError","        ) {","        /*","         * this function will test buildApidoc's default handling-behavior-behavior","         */","            options = { modulePathList: module.paths };","            local.buildApidoc(options, onError);","        };","","        local.testCase_buildApp_default = local.testCase_buildApp_default || function (","            options,","            onError","        ) {","        /*","         * this function will test buildApp's default handling-behavior-behavior","         */","            local.testCase_buildReadme_default(options, local.onErrorThrow);","            local.testCase_buildLib_default(options, local.onErrorThrow);","            local.testCase_buildTest_default(options, local.onErrorThrow);","            local.testCase_buildCustomOrg_default(options, local.onErrorThrow);","            options = [];","            local.buildApp(options, onError);","        };","","        local.testCase_buildCustomOrg_default = local.testCase_buildCustomOrg_default ||","            function (options, onError) {","            /*","             * this function will test buildCustomOrg's default handling-behavior","             */","                options = {};","                local.buildCustomOrg(options, onError);","            };","","        local.testCase_buildLib_default = local.testCase_buildLib_default || function (","            options,","            onError","        ) {","        /*","         * this function will test buildLib's default handling-behavior","         */","            options = {};","            local.buildLib(options, onError);","        };","","        local.testCase_buildReadme_default = local.testCase_buildReadme_default || function (","            options,","            onError","        ) {","        /*","         * this function will test buildReadme's default handling-behavior-behavior","         */","            options = {};","            local.buildReadme(options, onError);","        };","","        local.testCase_buildTest_default = local.testCase_buildTest_default || function (","            options,","            onError","        ) {","        /*","         * this function will test buildTest's default handling-behavior","         */","            options = {};","            local.buildTest(options, onError);","        };","","        local.testCase_webpage_default = local.testCase_webpage_default || function (","            options,","            onError","        ) {","        /*","         * this function will test webpage's default handling-behavior","         */","            options = { modeCoverageMerge: true, url: local.serverLocalHost + '?modeTest=1' };","            local.browserTest(options, onError);","        };","","        // run test-server","        local.testRunServer(local);","        break;","    }","}());",""],"l":{"12":2,"14":2,"19":2,"21":2,"23":2,"24":2,"25":2,"30":1,"37":2,"40":2,"43":1,"47":1,"50":1,"52":1,"55":2,"61":2,"62":2,"64":2,"70":1,"76":1,"82":2,"83":2,"85":2,"91":1,"98":1,"102":1,"105":1,"112":1,"119":1,"120":1,"123":1,"130":1,"131":1,"132":1,"133":1,"134":1,"135":1,"138":1,"143":2,"144":2,"147":1,"154":2,"155":2,"158":1,"165":2,"166":2,"169":1,"176":2,"177":2,"180":1,"187":1,"188":1,"192":1,"193":1}},"/home/travis/build/npmtest/node-npmtest-glslify/lib.npmtest_glslify.js":{"path":"/home/travis/build/npmtest/node-npmtest-glslify/lib.npmtest_glslify.js","s":{"1":2,"2":2,"3":2,"4":2,"5":2,"6":2,"7":2,"8":1,"9":2,"10":2,"11":2,"12":2,"13":1,"14":1,"15":1,"16":1},"b":{"1":[2,1,1,1],"2":[1,1,1,1],"3":[1,1],"4":[2,2],"5":[1,1]},"f":{"1":2,"2":2,"3":2},"fnMap":{"1":{"name":"(anonymous_1)","line":12,"loc":{"start":{"line":12,"column":1},"end":{"line":12,"column":13}}},"2":{"name":"(anonymous_2)","line":19,"loc":{"start":{"line":19,"column":5},"end":{"line":19,"column":17}}},"3":{"name":"(anonymous_3)","line":23,"loc":{"start":{"line":23,"column":24},"end":{"line":23,"column":36}}}},"statementMap":{"1":{"start":{"line":12,"column":0},"end":{"line":53,"column":5}},"2":{"start":{"line":14,"column":4},"end":{"line":14,"column":14}},"3":{"start":{"line":19,"column":4},"end":{"line":52,"column":9}},"4":{"start":{"line":21,"column":8},"end":{"line":21,"column":19}},"5":{"start":{"line":23,"column":8},"end":{"line":35,"column":13}},"6":{"start":{"line":24,"column":12},"end":{"line":34,"column":13}},"7":{"start":{"line":25,"column":16},"end":{"line":28,"column":30}},"8":{"start":{"line":30,"column":16},"end":{"line":33,"column":27}},"9":{"start":{"line":37,"column":8},"end":{"line":39,"column":21}},"10":{"start":{"line":41,"column":8},"end":{"line":41,"column":54}},"11":{"start":{"line":43,"column":8},"end":{"line":43,"column":52}},"12":{"start":{"line":45,"column":8},"end":{"line":51,"column":9}},"13":{"start":{"line":46,"column":12},"end":{"line":46,"column":58}},"14":{"start":{"line":48,"column":12},"end":{"line":48,"column":35}},"15":{"start":{"line":49,"column":12},"end":{"line":49,"column":49}},"16":{"start":{"line":50,"column":12},"end":{"line":50,"column":43}}},"branchMap":{"1":{"line":25,"type":"binary-expr","locations":[{"start":{"line":25,"column":23},"end":{"line":25,"column":62}},{"start":{"line":26,"column":20},"end":{"line":26,"column":70}},{"start":{"line":27,"column":20},"end":{"line":27,"column":71}},{"start":{"line":28,"column":20},"end":{"line":28,"column":29}}]},"2":{"line":30,"type":"binary-expr","locations":[{"start":{"line":30,"column":23},"end":{"line":30,"column":37}},{"start":{"line":31,"column":20},"end":{"line":31,"column":61}},{"start":{"line":32,"column":20},"end":{"line":32,"column":70}},{"start":{"line":33,"column":20},"end":{"line":33,"column":26}}]},"3":{"line":37,"type":"cond-expr","locations":[{"start":{"line":38,"column":14},"end":{"line":38,"column":20}},{"start":{"line":39,"column":14},"end":{"line":39,"column":20}}]},"4":{"line":41,"type":"binary-expr","locations":[{"start":{"line":41,"column":16},"end":{"line":41,"column":44}},{"start":{"line":41,"column":48},"end":{"line":41,"column":53}}]},"5":{"line":45,"type":"if","locations":[{"start":{"line":45,"column":8},"end":{"line":45,"column":8}},{"start":{"line":45,"column":8},"end":{"line":45,"column":8}}]}},"code":["/* istanbul instrument in package npmtest_glslify */","/*jslint","    bitwise: true,","    browser: true,","    maxerr: 8,","    maxlen: 96,","    node: true,","    nomen: true,","    regexp: true,","    stupid: true","*/","(function () {","    'use strict';","    var local;","","","","    // run shared js-env code - pre-init","    (function () {","        // init local","        local = {};","        // init modeJs","        local.modeJs = (function () {","            try {","                return typeof navigator.userAgent === 'string' &&","                    typeof document.querySelector('body') === 'object' &&","                    typeof XMLHttpRequest.prototype.open === 'function' &&","                    'browser';","            } catch (errorCaughtBrowser) {","                return module.exports &&","                    typeof process.versions.node === 'string' &&","                    typeof require('http').createServer === 'function' &&","                    'node';","            }","        }());","        // init global","        local.global = local.modeJs === 'browser'","            ? window","            : global;","        // init utility2_rollup","        local = local.global.utility2_rollup || local;","        // init lib","        local.local = local.npmtest_glslify = local;","        // init exports","        if (local.modeJs === 'browser') {","            local.global.utility2_npmtest_glslify = local;","        } else {","            module.exports = local;","            module.exports.__dirname = __dirname;","            module.exports.module = module;","        }","    }());","}());",""],"l":{"12":2,"14":2,"19":2,"21":2,"23":2,"24":2,"25":2,"30":1,"37":2,"41":2,"43":2,"45":2,"46":1,"48":1,"49":1,"50":1}},"/home/travis/build/npmtest/node-npmtest-glslify/example.js":{"path":"/home/travis/build/npmtest/node-npmtest-glslify/example.js","s":{"1":2,"2":2,"3":2,"4":2,"5":2,"6":2,"7":2,"8":1,"9":2,"10":2,"11":2,"12":2,"13":1,"14":2,"15":2,"16":2,"17":2,"18":2,"19":0,"20":2,"21":1,"22":1,"23":1,"24":1,"25":1,"26":0,"27":0,"28":1,"29":1,"30":2,"31":0,"32":0,"33":0,"34":1,"35":2,"36":2,"37":3,"38":3,"39":3,"40":3,"41":0,"42":3,"43":3,"44":3,"45":1,"46":3,"47":1,"48":1,"49":1,"50":1,"51":1,"52":1,"53":1,"54":1,"55":1,"56":1,"57":0,"58":1,"59":6,"60":6,"61":1,"62":2,"63":0,"64":2,"65":1,"66":1,"67":0,"68":0,"69":0,"70":0,"71":0,"72":0,"73":0,"74":0,"75":0,"76":0,"77":0,"78":0,"79":0,"80":0,"81":0,"82":0,"83":0},"b":{"1":[2,1,1,1],"2":[1,1,1,1],"3":[1,1],"4":[2,2],"5":[1,1],"6":[1,1],"7":[2,0],"8":[2,1,1,1,1,1],"9":[0,2,0],"10":[1,1],"11":[2,1,1],"12":[1,0],"13":[0,2],"14":[2,0,0,0,0,0,0],"15":[0,3],"16":[3,0],"17":[1,1],"18":[0,1],"19":[1,2,0,2],"20":[1,0],"21":[1,1],"22":[0,0],"23":[0,0],"24":[0,0],"25":[0,0],"26":[0,0],"27":[0,0],"28":[0,0]},"f":{"1":2,"2":2,"3":2,"4":2,"5":2,"6":2,"7":3,"8":3,"9":3,"10":1,"11":6,"12":0},"fnMap":{"1":{"name":"(anonymous_1)","line":26,"loc":{"start":{"line":26,"column":1},"end":{"line":26,"column":13}}},"2":{"name":"(anonymous_2)","line":33,"loc":{"start":{"line":33,"column":5},"end":{"line":33,"column":17}}},"3":{"name":"(anonymous_3)","line":37,"loc":{"start":{"line":37,"column":24},"end":{"line":37,"column":36}}},"4":{"name":"(anonymous_4)","line":69,"loc":{"start":{"line":69,"column":31},"end":{"line":69,"column":48}},"skip":true},"5":{"name":"(anonymous_5)","line":78,"loc":{"start":{"line":78,"column":26},"end":{"line":78,"column":45}},"skip":true},"6":{"name":"(anonymous_6)","line":123,"loc":{"start":{"line":123,"column":33},"end":{"line":123,"column":48}},"skip":true},"7":{"name":"(anonymous_7)","line":125,"loc":{"start":{"line":125,"column":27},"end":{"line":125,"column":39}},"skip":true},"8":{"name":"(anonymous_8)","line":133,"loc":{"start":{"line":133,"column":59},"end":{"line":133,"column":74}},"skip":true},"9":{"name":"(anonymous_9)","line":143,"loc":{"start":{"line":143,"column":45},"end":{"line":143,"column":62}},"skip":true},"10":{"name":"(anonymous_10)","line":144,"loc":{"start":{"line":144,"column":73},"end":{"line":144,"column":92}},"skip":true},"11":{"name":"(anonymous_11)","line":272,"loc":{"start":{"line":272,"column":51},"end":{"line":272,"column":77}},"skip":true},"12":{"name":"(anonymous_12)","line":315,"loc":{"start":{"line":315,"column":32},"end":{"line":315,"column":61}},"skip":true}},"statementMap":{"1":{"start":{"line":26,"column":0},"end":{"line":326,"column":5}},"2":{"start":{"line":28,"column":4},"end":{"line":28,"column":14}},"3":{"start":{"line":33,"column":4},"end":{"line":60,"column":9}},"4":{"start":{"line":35,"column":8},"end":{"line":35,"column":19}},"5":{"start":{"line":37,"column":8},"end":{"line":49,"column":13}},"6":{"start":{"line":38,"column":12},"end":{"line":48,"column":13}},"7":{"start":{"line":39,"column":16},"end":{"line":42,"column":30}},"8":{"start":{"line":44,"column":16},"end":{"line":47,"column":27}},"9":{"start":{"line":51,"column":8},"end":{"line":53,"column":21}},"10":{"start":{"line":55,"column":8},"end":{"line":57,"column":45}},"11":{"start":{"line":59,"column":8},"end":{"line":59,"column":35}},"12":{"start":{"line":61,"column":4},"end":{"line":325,"column":5}},"13":{"start":{"line":69,"column":8},"end":{"line":121,"column":10},"skip":true},"14":{"start":{"line":70,"column":12},"end":{"line":88,"column":13},"skip":true},"15":{"start":{"line":76,"column":16},"end":{"line":87,"column":19},"skip":true},"16":{"start":{"line":79,"column":20},"end":{"line":86,"column":21},"skip":true},"17":{"start":{"line":82,"column":24},"end":{"line":82,"column":43},"skip":true},"18":{"start":{"line":83,"column":24},"end":{"line":83,"column":30},"skip":true},"19":{"start":{"line":85,"column":24},"end":{"line":85,"column":49},"skip":true},"20":{"start":{"line":89,"column":12},"end":{"line":107,"column":13},"skip":true},"21":{"start":{"line":92,"column":16},"end":{"line":102,"column":17},"skip":true},"22":{"start":{"line":93,"column":20},"end":{"line":93,"column":86},"skip":true},"23":{"start":{"line":94,"column":20},"end":{"line":95,"column":45},"skip":true},"24":{"start":{"line":96,"column":20},"end":{"line":96,"column":42},"skip":true},"25":{"start":{"line":97,"column":20},"end":{"line":97,"column":48},"skip":true},"26":{"start":{"line":100,"column":20},"end":{"line":100,"column":85},"skip":true},"27":{"start":{"line":101,"column":20},"end":{"line":101,"column":96},"skip":true},"28":{"start":{"line":103,"column":16},"end":{"line":103,"column":22},"skip":true},"29":{"start":{"line":106,"column":16},"end":{"line":106,"column":22},"skip":true},"30":{"start":{"line":108,"column":12},"end":{"line":120,"column":13},"skip":true},"31":{"start":{"line":114,"column":16},"end":{"line":119,"column":17},"skip":true},"32":{"start":{"line":116,"column":20},"end":{"line":116,"column":78},"skip":true},"33":{"start":{"line":118,"column":20},"end":{"line":118,"column":47},"skip":true},"34":{"start":{"line":123,"column":8},"end":{"line":141,"column":11},"skip":true},"35":{"start":{"line":124,"column":12},"end":{"line":124,"column":54},"skip":true},"36":{"start":{"line":125,"column":12},"end":{"line":140,"column":14},"skip":true},"37":{"start":{"line":126,"column":16},"end":{"line":126,"column":28},"skip":true},"38":{"start":{"line":127,"column":16},"end":{"line":127,"column":69},"skip":true},"39":{"start":{"line":128,"column":16},"end":{"line":128,"column":75},"skip":true},"40":{"start":{"line":129,"column":16},"end":{"line":131,"column":17},"skip":true},"41":{"start":{"line":130,"column":20},"end":{"line":130,"column":27},"skip":true},"42":{"start":{"line":133,"column":16},"end":{"line":137,"column":36},"skip":true},"43":{"start":{"line":134,"column":20},"end":{"line":136,"column":55},"skip":true},"44":{"start":{"line":139,"column":16},"end":{"line":139,"column":57},"skip":true},"45":{"start":{"line":143,"column":8},"end":{"line":147,"column":11},"skip":true},"46":{"start":{"line":144,"column":12},"end":{"line":146,"column":15},"skip":true},"47":{"start":{"line":145,"column":16},"end":{"line":145,"column":70},"skip":true},"48":{"start":{"line":149,"column":8},"end":{"line":149,"column":31},"skip":true},"49":{"start":{"line":150,"column":8},"end":{"line":150,"column":14},"skip":true},"50":{"start":{"line":158,"column":8},"end":{"line":158,"column":31},"skip":true},"51":{"start":{"line":160,"column":8},"end":{"line":160,"column":33},"skip":true},"52":{"start":{"line":161,"column":8},"end":{"line":161,"column":37},"skip":true},"53":{"start":{"line":162,"column":8},"end":{"line":162,"column":35},"skip":true},"54":{"start":{"line":164,"column":8},"end":{"line":164,"column":50},"skip":true},"55":{"start":{"line":166,"column":8},"end":{"line":256,"column":2},"skip":true},"56":{"start":{"line":258,"column":8},"end":{"line":286,"column":9},"skip":true},"57":{"start":{"line":259,"column":12},"end":{"line":269,"column":14},"skip":true},"58":{"start":{"line":271,"column":12},"end":{"line":285,"column":19},"skip":true},"59":{"start":{"line":274,"column":20},"end":{"line":274,"column":35},"skip":true},"60":{"start":{"line":275,"column":20},"end":{"line":284,"column":21},"skip":true},"61":{"start":{"line":277,"column":24},"end":{"line":277,"column":64},"skip":true},"62":{"start":{"line":279,"column":24},"end":{"line":279,"column":40},"skip":true},"63":{"start":{"line":281,"column":24},"end":{"line":281,"column":40},"skip":true},"64":{"start":{"line":283,"column":24},"end":{"line":283,"column":39},"skip":true},"65":{"start":{"line":288,"column":8},"end":{"line":290,"column":9},"skip":true},"66":{"start":{"line":289,"column":12},"end":{"line":289,"column":18},"skip":true},"67":{"start":{"line":291,"column":8},"end":{"line":293,"column":54},"skip":true},"68":{"start":{"line":296,"column":8},"end":{"line":301,"column":37},"skip":true},"69":{"start":{"line":303,"column":8},"end":{"line":303,"column":82},"skip":true},"70":{"start":{"line":306,"column":8},"end":{"line":308,"column":9},"skip":true},"71":{"start":{"line":307,"column":12},"end":{"line":307,"column":82},"skip":true},"72":{"start":{"line":310,"column":8},"end":{"line":312,"column":9},"skip":true},"73":{"start":{"line":311,"column":12},"end":{"line":311,"column":18},"skip":true},"74":{"start":{"line":313,"column":8},"end":{"line":313,"column":54},"skip":true},"75":{"start":{"line":314,"column":8},"end":{"line":314,"column":69},"skip":true},"76":{"start":{"line":315,"column":8},"end":{"line":323,"column":36},"skip":true},"77":{"start":{"line":316,"column":12},"end":{"line":316,"column":61},"skip":true},"78":{"start":{"line":317,"column":12},"end":{"line":320,"column":13},"skip":true},"79":{"start":{"line":318,"column":16},"end":{"line":318,"column":75},"skip":true},"80":{"start":{"line":319,"column":16},"end":{"line":319,"column":23},"skip":true},"81":{"start":{"line":321,"column":12},"end":{"line":321,"column":38},"skip":true},"82":{"start":{"line":322,"column":12},"end":{"line":322,"column":27},"skip":true},"83":{"start":{"line":324,"column":8},"end":{"line":324,"column":14},"skip":true}},"branchMap":{"1":{"line":39,"type":"binary-expr","locations":[{"start":{"line":39,"column":23},"end":{"line":39,"column":62}},{"start":{"line":40,"column":20},"end":{"line":40,"column":70}},{"start":{"line":41,"column":20},"end":{"line":41,"column":71}},{"start":{"line":42,"column":20},"end":{"line":42,"column":29}}]},"2":{"line":44,"type":"binary-expr","locations":[{"start":{"line":44,"column":23},"end":{"line":44,"column":37}},{"start":{"line":45,"column":20},"end":{"line":45,"column":61}},{"start":{"line":46,"column":20},"end":{"line":46,"column":70}},{"start":{"line":47,"column":20},"end":{"line":47,"column":26}}]},"3":{"line":51,"type":"cond-expr","locations":[{"start":{"line":52,"column":14},"end":{"line":52,"column":20}},{"start":{"line":53,"column":14},"end":{"line":53,"column":20}}]},"4":{"line":55,"type":"binary-expr","locations":[{"start":{"line":55,"column":16},"end":{"line":55,"column":44}},{"start":{"line":55,"column":49},"end":{"line":57,"column":43}}]},"5":{"line":55,"type":"cond-expr","locations":[{"start":{"line":56,"column":14},"end":{"line":56,"column":51}},{"start":{"line":57,"column":14},"end":{"line":57,"column":43}}]},"6":{"line":61,"type":"switch","locations":[{"start":{"line":68,"column":4},"end":{"line":150,"column":14},"skip":true},{"start":{"line":156,"column":4},"end":{"line":324,"column":14},"skip":true}]},"7":{"line":70,"type":"if","locations":[{"start":{"line":70,"column":12},"end":{"line":70,"column":12},"skip":true},{"start":{"line":70,"column":12},"end":{"line":70,"column":12},"skip":true}]},"8":{"line":70,"type":"binary-expr","locations":[{"start":{"line":70,"column":16},"end":{"line":70,"column":22},"skip":true},{"start":{"line":70,"column":27},"end":{"line":70,"column":32},"skip":true},{"start":{"line":71,"column":20},"end":{"line":71,"column":39},"skip":true},{"start":{"line":72,"column":20},"end":{"line":72,"column":49},"skip":true},{"start":{"line":73,"column":20},"end":{"line":73,"column":58},"skip":true},{"start":{"line":74,"column":20},"end":{"line":74,"column":69},"skip":true}]},"9":{"line":79,"type":"switch","locations":[{"start":{"line":80,"column":20},"end":{"line":80,"column":33},"skip":true},{"start":{"line":81,"column":20},"end":{"line":83,"column":30},"skip":true},{"start":{"line":84,"column":20},"end":{"line":85,"column":49},"skip":true}]},"10":{"line":89,"type":"switch","locations":[{"start":{"line":90,"column":12},"end":{"line":103,"column":22},"skip":true},{"start":{"line":105,"column":12},"end":{"line":106,"column":22},"skip":true}]},"11":{"line":89,"type":"binary-expr","locations":[{"start":{"line":89,"column":20},"end":{"line":89,"column":25},"skip":true},{"start":{"line":89,"column":29},"end":{"line":89,"column":48},"skip":true},{"start":{"line":89,"column":52},"end":{"line":89,"column":74},"skip":true}]},"12":{"line":92,"type":"if","locations":[{"start":{"line":92,"column":16},"end":{"line":92,"column":16},"skip":true},{"start":{"line":92,"column":16},"end":{"line":92,"column":16},"skip":true}]},"13":{"line":108,"type":"if","locations":[{"start":{"line":108,"column":12},"end":{"line":108,"column":12},"skip":true},{"start":{"line":108,"column":12},"end":{"line":108,"column":12},"skip":true}]},"14":{"line":108,"type":"binary-expr","locations":[{"start":{"line":108,"column":16},"end":{"line":108,"column":61},"skip":true},{"start":{"line":108,"column":66},"end":{"line":108,"column":72},"skip":true},{"start":{"line":108,"column":77},"end":{"line":108,"column":82},"skip":true},{"start":{"line":109,"column":20},"end":{"line":109,"column":39},"skip":true},{"start":{"line":110,"column":20},"end":{"line":110,"column":49},"skip":true},{"start":{"line":111,"column":20},"end":{"line":111,"column":58},"skip":true},{"start":{"line":112,"column":20},"end":{"line":112,"column":68},"skip":true}]},"15":{"line":129,"type":"if","locations":[{"start":{"line":129,"column":16},"end":{"line":129,"column":16},"skip":true},{"start":{"line":129,"column":16},"end":{"line":129,"column":16},"skip":true}]},"16":{"line":134,"type":"cond-expr","locations":[{"start":{"line":135,"column":26},"end":{"line":135,"column":29},"skip":true},{"start":{"line":136,"column":26},"end":{"line":136,"column":54},"skip":true}]},"17":{"line":164,"type":"binary-expr","locations":[{"start":{"line":164,"column":27},"end":{"line":164,"column":43},"skip":true},{"start":{"line":164,"column":47},"end":{"line":164,"column":49},"skip":true}]},"18":{"line":258,"type":"if","locations":[{"start":{"line":258,"column":8},"end":{"line":258,"column":8},"skip":true},{"start":{"line":258,"column":8},"end":{"line":258,"column":8},"skip":true}]},"19":{"line":275,"type":"switch","locations":[{"start":{"line":276,"column":20},"end":{"line":277,"column":64},"skip":true},{"start":{"line":278,"column":20},"end":{"line":279,"column":40},"skip":true},{"start":{"line":280,"column":20},"end":{"line":281,"column":40},"skip":true},{"start":{"line":282,"column":20},"end":{"line":283,"column":39},"skip":true}]},"20":{"line":288,"type":"if","locations":[{"start":{"line":288,"column":8},"end":{"line":288,"column":8},"skip":true},{"start":{"line":288,"column":8},"end":{"line":288,"column":8},"skip":true}]},"21":{"line":288,"type":"binary-expr","locations":[{"start":{"line":288,"column":12},"end":{"line":288,"column":40},"skip":true},{"start":{"line":288,"column":44},"end":{"line":288,"column":67},"skip":true}]},"22":{"line":292,"type":"binary-expr","locations":[{"start":{"line":292,"column":12},"end":{"line":292,"column":50},"skip":true},{"start":{"line":293,"column":12},"end":{"line":293,"column":53},"skip":true}]},"23":{"line":297,"type":"binary-expr","locations":[{"start":{"line":297,"column":12},"end":{"line":297,"column":65},"skip":true},{"start":{"line":298,"column":12},"end":{"line":301,"column":36},"skip":true}]},"24":{"line":303,"type":"binary-expr","locations":[{"start":{"line":303,"column":43},"end":{"line":303,"column":75},"skip":true},{"start":{"line":303,"column":79},"end":{"line":303,"column":81},"skip":true}]},"25":{"line":306,"type":"if","locations":[{"start":{"line":306,"column":8},"end":{"line":306,"column":8},"skip":true},{"start":{"line":306,"column":8},"end":{"line":306,"column":8},"skip":true}]},"26":{"line":310,"type":"if","locations":[{"start":{"line":310,"column":8},"end":{"line":310,"column":8},"skip":true},{"start":{"line":310,"column":8},"end":{"line":310,"column":8},"skip":true}]},"27":{"line":313,"type":"binary-expr","locations":[{"start":{"line":313,"column":27},"end":{"line":313,"column":43},"skip":true},{"start":{"line":313,"column":47},"end":{"line":313,"column":53},"skip":true}]},"28":{"line":317,"type":"if","locations":[{"start":{"line":317,"column":12},"end":{"line":317,"column":12},"skip":true},{"start":{"line":317,"column":12},"end":{"line":317,"column":12},"skip":true}]}},"code":["/*","example.js","","quickstart example","","instruction","    1. save this script as example.js","    2. run the shell command:","        $ npm install npmtest-glslify && PORT=8081 node example.js","    3. play with the browser-demo on http://127.0.0.1:8081","*/","","","","/* istanbul instrument in package npmtest_glslify */","/*jslint","    bitwise: true,","    browser: true,","    maxerr: 8,","    maxlen: 96,","    node: true,","    nomen: true,","    regexp: true,","    stupid: true","*/","(function () {","    'use strict';","    var local;","","","","    // run shared js-env code - pre-init","    (function () {","        // init local","        local = {};","        // init modeJs","        local.modeJs = (function () {","            try {","                return typeof navigator.userAgent === 'string' &&","                    typeof document.querySelector('body') === 'object' &&","                    typeof XMLHttpRequest.prototype.open === 'function' &&","                    'browser';","            } catch (errorCaughtBrowser) {","                return module.exports &&","                    typeof process.versions.node === 'string' &&","                    typeof require('http').createServer === 'function' &&","                    'node';","            }","        }());","        // init global","        local.global = local.modeJs === 'browser'","            ? window","            : global;","        // init utility2_rollup","        local = local.global.utility2_rollup || (local.modeJs === 'browser'","            ? local.global.utility2_npmtest_glslify","            : global.utility2_moduleExports);","        // export local","        local.global.local = local;","    }());","    switch (local.modeJs) {","","","","    // post-init","    // run browser js-env code - post-init","    /* istanbul ignore next */","    case 'browser':","        local.testRunBrowser = function (event) {","            if (!event || (event &&","                    event.currentTarget &&","                    event.currentTarget.className &&","                    event.currentTarget.className.includes &&","                    event.currentTarget.className.includes('onreset'))) {","                // reset output","                Array.from(","                    document.querySelectorAll('body > .resettable')","                ).forEach(function (element) {","                    switch (element.tagName) {","                    case 'INPUT':","                    case 'TEXTAREA':","                        element.value = '';","                        break;","                    default:","                        element.textContent = '';","                    }","                });","            }","            switch (event && event.currentTarget && event.currentTarget.id) {","            case 'testRunButton1':","                // show tests","                if (document.querySelector('#testReportDiv1').style.display === 'none') {","                    document.querySelector('#testReportDiv1').style.display = 'block';","                    document.querySelector('#testRunButton1').textContent =","                        'hide internal test';","                    local.modeTest = true;","                    local.testRunDefault(local);","                // hide tests","                } else {","                    document.querySelector('#testReportDiv1').style.display = 'none';","                    document.querySelector('#testRunButton1').textContent = 'run internal test';","                }","                break;","            // custom-case","            default:","                break;","            }","            if (document.querySelector('#inputTextareaEval1') && (!event || (event &&","                    event.currentTarget &&","                    event.currentTarget.className &&","                    event.currentTarget.className.includes &&","                    event.currentTarget.className.includes('oneval')))) {","                // try to eval input-code","                try {","                    /*jslint evil: true*/","                    eval(document.querySelector('#inputTextareaEval1').value);","                } catch (errorCaught) {","                    console.error(errorCaught);","                }","            }","        };","        // log stderr and stdout to #outputTextareaStdout1","        ['error', 'log'].forEach(function (key) {","            console[key + '_original'] = console[key];","            console[key] = function () {","                var element;","                console[key + '_original'].apply(console, arguments);","                element = document.querySelector('#outputTextareaStdout1');","                if (!element) {","                    return;","                }","                // append text to #outputTextareaStdout1","                element.value += Array.from(arguments).map(function (arg) {","                    return typeof arg === 'string'","                        ? arg","                        : JSON.stringify(arg, null, 4);","                }).join(' ') + '\\n';","                // scroll textarea to bottom","                element.scrollTop = element.scrollHeight;","            };","        });","        // init event-handling","        ['change', 'click', 'keyup'].forEach(function (event) {","            Array.from(document.querySelectorAll('.on' + event)).forEach(function (element) {","                element.addEventListener(event, local.testRunBrowser);","            });","        });","        // run tests","        local.testRunBrowser();","        break;","","","","    // run node js-env code - post-init","    /* istanbul ignore next */","    case 'node':","        // export local","        module.exports = local;","        // require modules","        local.fs = require('fs');","        local.http = require('http');","        local.url = require('url');","        // init assets","        local.assetsDict = local.assetsDict || {};","        /* jslint-ignore-begin */","        local.assetsDict['/assets.index.template.html'] = '\\","<!doctype html>\\n\\","<html lang=\"en\">\\n\\","<head>\\n\\","<meta charset=\"UTF-8\">\\n\\","<meta name=\"viewport\" content=\"width=device-width, initial-scale=1\">\\n\\","<title>{{env.npm_package_name}} (v{{env.npm_package_version}})</title>\\n\\","<style>\\n\\","/*csslint\\n\\","    box-sizing: false,\\n\\","    universal-selector: false\\n\\","*/\\n\\","* {\\n\\","    box-sizing: border-box;\\n\\","}\\n\\","body {\\n\\","    background: #dde;\\n\\","    font-family: Arial, Helvetica, sans-serif;\\n\\","    margin: 2rem;\\n\\","}\\n\\","body > * {\\n\\","    margin-bottom: 1rem;\\n\\","}\\n\\",".utility2FooterDiv {\\n\\","    margin-top: 20px;\\n\\","    text-align: center;\\n\\","}\\n\\","</style>\\n\\","<style>\\n\\","/*csslint\\n\\","*/\\n\\","textarea {\\n\\","    font-family: monospace;\\n\\","    height: 10rem;\\n\\","    width: 100%;\\n\\","}\\n\\","textarea[readonly] {\\n\\","    background: #ddd;\\n\\","}\\n\\","</style>\\n\\","</head>\\n\\","<body>\\n\\","<!-- utility2-comment\\n\\","<div id=\"ajaxProgressDiv1\" style=\"background: #d00; height: 2px; left: 0; margin: 0; padding: 0; position: fixed; top: 0; transition: background 0.5s, width 1.5s; width: 25%;\"></div>\\n\\","utility2-comment -->\\n\\","<h1>\\n\\","<!-- utility2-comment\\n\\","    <a\\n\\","        {{#if env.npm_package_homepage}}\\n\\","        href=\"{{env.npm_package_homepage}}\"\\n\\","        {{/if env.npm_package_homepage}}\\n\\","        target=\"_blank\"\\n\\","    >\\n\\","utility2-comment -->\\n\\","        {{env.npm_package_name}} (v{{env.npm_package_version}})\\n\\","<!-- utility2-comment\\n\\","    </a>\\n\\","utility2-comment -->\\n\\","</h1>\\n\\","<h3>{{env.npm_package_description}}</h3>\\n\\","<!-- utility2-comment\\n\\","<h4><a download href=\"assets.app.js\">download standalone app</a></h4>\\n\\","<button class=\"onclick onreset\" id=\"testRunButton1\">run internal test</button><br>\\n\\","<div id=\"testReportDiv1\" style=\"display: none;\"></div>\\n\\","utility2-comment -->\\n\\","\\n\\","\\n\\","\\n\\","<label>stderr and stdout</label>\\n\\","<textarea class=\"resettable\" id=\"outputTextareaStdout1\" readonly></textarea>\\n\\","<!-- utility2-comment\\n\\","{{#if isRollup}}\\n\\","<script src=\"assets.app.js\"></script>\\n\\","{{#unless isRollup}}\\n\\","utility2-comment -->\\n\\","<script src=\"assets.utility2.rollup.js\"></script>\\n\\","<script src=\"jsonp.utility2._stateInit?callback=window.utility2._stateInit\"></script>\\n\\","<script src=\"assets.npmtest_glslify.rollup.js\"></script>\\n\\","<script src=\"assets.example.js\"></script>\\n\\","<script src=\"assets.test.js\"></script>\\n\\","<!-- utility2-comment\\n\\","{{/if isRollup}}\\n\\","utility2-comment -->\\n\\","<div class=\"utility2FooterDiv\">\\n\\","    [ this app was created with\\n\\","    <a href=\"https://github.com/kaizhu256/node-utility2\" target=\"_blank\">utility2</a>\\n\\","    ]\\n\\","</div>\\n\\","</body>\\n\\","</html>\\n\\","';","        /* jslint-ignore-end */","        if (local.templateRender) {","            local.assetsDict['/'] = local.templateRender(","                local.assetsDict['/assets.index.template.html'],","                {","                    env: local.objectSetDefault(local.env, {","                        npm_package_description: 'the greatest app in the world!',","                        npm_package_name: 'my-app',","                        npm_package_nameAlias: 'my_app',","                        npm_package_version: '0.0.1'","                    })","                }","            );","        } else {","            local.assetsDict['/'] = local.assetsDict['/assets.index.template.html']","                .replace((/\\{\\{env\\.(\\w+?)\\}\\}/g), function (match0, match1) {","                    // jslint-hack","                    String(match0);","                    switch (match1) {","                    case 'npm_package_description':","                        return 'the greatest app in the world!';","                    case 'npm_package_name':","                        return 'my-app';","                    case 'npm_package_nameAlias':","                        return 'my_app';","                    case 'npm_package_version':","                        return '0.0.1';","                    }","                });","        }","        // run the cli","        if (local.global.utility2_rollup || module !== require.main) {","            break;","        }","        local.assetsDict['/assets.example.js'] =","            local.assetsDict['/assets.example.js'] ||","            local.fs.readFileSync(__filename, 'utf8');","        // bug-workaround - long $npm_package_buildCustomOrg","        /* jslint-ignore-begin */","        local.assetsDict['/assets.npmtest_glslify.rollup.js'] =","            local.assetsDict['/assets.npmtest_glslify.rollup.js'] ||","            local.fs.readFileSync(","                local.npmtest_glslify.__dirname + '/lib.npmtest_glslify.js',","                'utf8'","            ).replace((/^#!/), '//');","        /* jslint-ignore-end */","        local.assetsDict['/favicon.ico'] = local.assetsDict['/favicon.ico'] || '';","        // if $npm_config_timeout_exit exists,","        // then exit this process after $npm_config_timeout_exit ms","        if (Number(process.env.npm_config_timeout_exit)) {","            setTimeout(process.exit, Number(process.env.npm_config_timeout_exit));","        }","        // start server","        if (local.global.utility2_serverHttp1) {","            break;","        }","        process.env.PORT = process.env.PORT || '8081';","        console.error('server starting on port ' + process.env.PORT);","        local.http.createServer(function (request, response) {","            request.urlParsed = local.url.parse(request.url);","            if (local.assetsDict[request.urlParsed.pathname] !== undefined) {","                response.end(local.assetsDict[request.urlParsed.pathname]);","                return;","            }","            response.statusCode = 404;","            response.end();","        }).listen(process.env.PORT);","        break;","    }","}());",""],"l":{"26":2,"28":2,"33":2,"35":2,"37":2,"38":2,"39":2,"44":1,"51":2,"55":2,"59":2,"61":2,"69":1,"70":2,"76":2,"79":2,"82":2,"83":2,"85":1,"89":2,"92":1,"93":1,"94":1,"96":1,"97":1,"100":1,"101":1,"103":1,"106":1,"108":2,"114":1,"116":1,"118":1,"123":1,"124":2,"125":2,"126":3,"127":3,"128":3,"129":3,"130":1,"133":3,"134":3,"139":3,"143":1,"144":3,"145":1,"149":1,"150":1,"158":1,"160":1,"161":1,"162":1,"164":1,"166":1,"258":1,"259":1,"271":1,"274":6,"275":6,"277":1,"279":2,"281":1,"283":2,"288":1,"289":1,"291":1,"296":1,"303":1,"306":1,"307":1,"310":1,"311":1,"313":1,"314":1,"315":1,"316":1,"317":1,"318":1,"319":1,"321":1,"322":1,"324":1}},"/home/travis/build/npmtest/node-npmtest-glslify/node_modules/glslify/index.js":{"path":"/home/travis/build/npmtest/node-npmtest-glslify/node_modules/glslify/index.js","s":{"1":1,"2":1,"3":1,"4":1,"5":1,"6":1,"7":1,"8":0,"9":0,"10":0,"11":0,"12":0,"13":0,"14":0,"15":0,"16":0,"17":1,"18":0,"19":1,"20":0,"21":1,"22":0,"23":0,"24":0,"25":0,"26":0,"27":1,"28":0,"29":0,"30":0,"31":0,"32":0,"33":0,"34":0,"35":0,"36":1,"37":0,"38":0,"39":0,"40":0,"41":0,"42":1,"43":0,"44":0,"45":0,"46":0,"47":0,"48":1,"49":0,"50":0,"51":0,"52":0,"53":0,"54":0,"55":0,"56":0,"57":0,"58":0,"59":0,"60":0,"61":0,"62":1,"63":0,"64":0,"65":0,"66":0,"67":0,"68":0,"69":0,"70":0},"b":{"1":[0,0],"2":[0,0],"3":[0,0,0,0],"4":[0,0],"5":[0,0],"6":[0,0],"7":[0,0],"8":[0,0],"9":[0,0],"10":[0,0],"11":[0,0],"12":[0,0],"13":[0,0],"14":[0,0],"15":[0,0],"16":[0,0],"17":[0,0],"18":[0,0],"19":[0,0],"20":[0,0]},"f":{"1":0,"2":0,"3":0,"4":0,"5":0,"6":0,"7":0,"8":0,"9":0,"10":0,"11":0},"fnMap":{"1":{"name":"(anonymous_1)","line":8,"loc":{"start":{"line":8,"column":17},"end":{"line":8,"column":37}}},"2":{"name":"(anonymous_2)","line":20,"loc":{"start":{"line":20,"column":25},"end":{"line":20,"column":45}}},"3":{"name":"(anonymous_3)","line":23,"loc":{"start":{"line":23,"column":22},"end":{"line":23,"column":43}}},"4":{"name":"iface","line":27,"loc":{"start":{"line":27,"column":0},"end":{"line":27,"column":18}}},"5":{"name":"tag","line":33,"loc":{"start":{"line":33,"column":2},"end":{"line":33,"column":24}}},"6":{"name":"compile","line":43,"loc":{"start":{"line":43,"column":2},"end":{"line":43,"column":30}}},"7":{"name":"file","line":49,"loc":{"start":{"line":49,"column":2},"end":{"line":49,"column":32}}},"8":{"name":"gdeps","line":55,"loc":{"start":{"line":55,"column":2},"end":{"line":55,"column":24}}},"9":{"name":"(anonymous_9)","line":60,"loc":{"start":{"line":60,"column":23},"end":{"line":60,"column":43}}},"10":{"name":"bundle","line":72,"loc":{"start":{"line":72,"column":2},"end":{"line":72,"column":25}}},"11":{"name":"(anonymous_11)","line":74,"loc":{"start":{"line":74,"column":18},"end":{"line":74,"column":32}}}},"statementMap":{"1":{"start":{"line":1,"column":0},"end":{"line":1,"column":45}},"2":{"start":{"line":2,"column":0},"end":{"line":2,"column":48}},"3":{"start":{"line":3,"column":0},"end":{"line":3,"column":38}},"4":{"start":{"line":4,"column":0},"end":{"line":4,"column":35}},"5":{"start":{"line":5,"column":0},"end":{"line":5,"column":36}},"6":{"start":{"line":6,"column":0},"end":{"line":6,"column":42}},"7":{"start":{"line":8,"column":0},"end":{"line":19,"column":1}},"8":{"start":{"line":9,"column":2},"end":{"line":18,"column":66}},"9":{"start":{"line":10,"column":4},"end":{"line":10,"column":45}},"10":{"start":{"line":11,"column":9},"end":{"line":18,"column":66}},"11":{"start":{"line":13,"column":4},"end":{"line":13,"column":59}},"12":{"start":{"line":14,"column":9},"end":{"line":18,"column":66}},"13":{"start":{"line":15,"column":4},"end":{"line":15,"column":37}},"14":{"start":{"line":16,"column":9},"end":{"line":18,"column":66}},"15":{"start":{"line":17,"column":4},"end":{"line":17,"column":34}},"16":{"start":{"line":18,"column":9},"end":{"line":18,"column":66}},"17":{"start":{"line":20,"column":0},"end":{"line":22,"column":1}},"18":{"start":{"line":21,"column":2},"end":{"line":21,"column":35}},"19":{"start":{"line":23,"column":0},"end":{"line":25,"column":1}},"20":{"start":{"line":24,"column":2},"end":{"line":24,"column":33}},"21":{"start":{"line":27,"column":0},"end":{"line":82,"column":1}},"22":{"start":{"line":28,"column":2},"end":{"line":29,"column":41}},"23":{"start":{"line":28,"column":8},"end":{"line":28,"column":70}},"24":{"start":{"line":29,"column":16},"end":{"line":29,"column":40}},"25":{"start":{"line":30,"column":2},"end":{"line":30,"column":16}},"26":{"start":{"line":31,"column":2},"end":{"line":31,"column":51}},"27":{"start":{"line":33,"column":2},"end":{"line":42,"column":3}},"28":{"start":{"line":34,"column":4},"end":{"line":34,"column":56}},"29":{"start":{"line":34,"column":37},"end":{"line":34,"column":56}},"30":{"start":{"line":35,"column":4},"end":{"line":35,"column":43}},"31":{"start":{"line":36,"column":4},"end":{"line":36,"column":18}},"32":{"start":{"line":37,"column":4},"end":{"line":39,"column":5}},"33":{"start":{"line":38,"column":6},"end":{"line":38,"column":44}},"34":{"start":{"line":40,"column":4},"end":{"line":40,"column":26}},"35":{"start":{"line":41,"column":4},"end":{"line":41,"column":34}},"36":{"start":{"line":43,"column":2},"end":{"line":48,"column":3}},"37":{"start":{"line":44,"column":4},"end":{"line":44,"column":24}},"38":{"start":{"line":44,"column":15},"end":{"line":44,"column":24}},"39":{"start":{"line":45,"column":4},"end":{"line":45,"column":28}},"40":{"start":{"line":46,"column":4},"end":{"line":46,"column":58}},"41":{"start":{"line":47,"column":4},"end":{"line":47,"column":23}},"42":{"start":{"line":49,"column":2},"end":{"line":54,"column":3}},"43":{"start":{"line":50,"column":4},"end":{"line":50,"column":24}},"44":{"start":{"line":50,"column":15},"end":{"line":50,"column":24}},"45":{"start":{"line":51,"column":4},"end":{"line":51,"column":28}},"46":{"start":{"line":52,"column":4},"end":{"line":52,"column":74}},"47":{"start":{"line":53,"column":4},"end":{"line":53,"column":23}},"48":{"start":{"line":55,"column":2},"end":{"line":71,"column":3}},"49":{"start":{"line":56,"column":4},"end":{"line":56,"column":24}},"50":{"start":{"line":56,"column":15},"end":{"line":56,"column":24}},"51":{"start":{"line":57,"column":4},"end":{"line":57,"column":62}},"52":{"start":{"line":58,"column":4},"end":{"line":58,"column":41}},"53":{"start":{"line":59,"column":4},"end":{"line":59,"column":70}},"54":{"start":{"line":60,"column":4},"end":{"line":69,"column":6}},"55":{"start":{"line":61,"column":6},"end":{"line":61,"column":68}},"56":{"start":{"line":62,"column":6},"end":{"line":62,"column":29}},"57":{"start":{"line":63,"column":6},"end":{"line":63,"column":35}},"58":{"start":{"line":64,"column":6},"end":{"line":68,"column":7}},"59":{"start":{"line":65,"column":8},"end":{"line":65,"column":46}},"60":{"start":{"line":67,"column":8},"end":{"line":67,"column":36}},"61":{"start":{"line":70,"column":4},"end":{"line":70,"column":17}},"62":{"start":{"line":72,"column":2},"end":{"line":81,"column":3}},"63":{"start":{"line":73,"column":4},"end":{"line":73,"column":36}},"64":{"start":{"line":74,"column":4},"end":{"line":79,"column":6}},"65":{"start":{"line":75,"column":6},"end":{"line":75,"column":66}},"66":{"start":{"line":76,"column":6},"end":{"line":76,"column":37}},"67":{"start":{"line":77,"column":6},"end":{"line":77,"column":55}},"68":{"start":{"line":78,"column":6},"end":{"line":78,"column":27}},"69":{"start":{"line":78,"column":15},"end":{"line":78,"column":27}},"70":{"start":{"line":80,"column":4},"end":{"line":80,"column":17}}},"branchMap":{"1":{"line":9,"type":"if","locations":[{"start":{"line":9,"column":2},"end":{"line":9,"column":2}},{"start":{"line":9,"column":2},"end":{"line":9,"column":2}}]},"2":{"line":11,"type":"if","locations":[{"start":{"line":11,"column":9},"end":{"line":11,"column":9}},{"start":{"line":11,"column":9},"end":{"line":11,"column":9}}]},"3":{"line":11,"type":"binary-expr","locations":[{"start":{"line":11,"column":13},"end":{"line":11,"column":36}},{"start":{"line":11,"column":40},"end":{"line":11,"column":55}},{"start":{"line":11,"column":59},"end":{"line":11,"column":63}},{"start":{"line":11,"column":67},"end":{"line":11,"column":78}}]},"4":{"line":14,"type":"if","locations":[{"start":{"line":14,"column":9},"end":{"line":14,"column":9}},{"start":{"line":14,"column":9},"end":{"line":14,"column":9}}]},"5":{"line":14,"type":"binary-expr","locations":[{"start":{"line":14,"column":13},"end":{"line":14,"column":36}},{"start":{"line":14,"column":40},"end":{"line":14,"column":54}}]},"6":{"line":16,"type":"if","locations":[{"start":{"line":16,"column":9},"end":{"line":16,"column":9}},{"start":{"line":16,"column":9},"end":{"line":16,"column":9}}]},"7":{"line":34,"type":"if","locations":[{"start":{"line":34,"column":4},"end":{"line":34,"column":4}},{"start":{"line":34,"column":4},"end":{"line":34,"column":4}}]},"8":{"line":38,"type":"binary-expr","locations":[{"start":{"line":38,"column":29},"end":{"line":38,"column":37}},{"start":{"line":38,"column":41},"end":{"line":38,"column":43}}]},"9":{"line":44,"type":"if","locations":[{"start":{"line":44,"column":4},"end":{"line":44,"column":4}},{"start":{"line":44,"column":4},"end":{"line":44,"column":4}}]},"10":{"line":46,"type":"binary-expr","locations":[{"start":{"line":46,"column":34},"end":{"line":46,"column":46}},{"start":{"line":46,"column":50},"end":{"line":46,"column":57}}]},"11":{"line":50,"type":"if","locations":[{"start":{"line":50,"column":4},"end":{"line":50,"column":4}},{"start":{"line":50,"column":4},"end":{"line":50,"column":4}}]},"12":{"line":52,"type":"binary-expr","locations":[{"start":{"line":52,"column":39},"end":{"line":52,"column":51}},{"start":{"line":52,"column":55},"end":{"line":52,"column":62}}]},"13":{"line":56,"type":"if","locations":[{"start":{"line":56,"column":4},"end":{"line":56,"column":4}},{"start":{"line":56,"column":4},"end":{"line":56,"column":4}}]},"14":{"line":57,"type":"binary-expr","locations":[{"start":{"line":57,"column":36},"end":{"line":57,"column":48}},{"start":{"line":57,"column":52},"end":{"line":57,"column":59}}]},"15":{"line":58,"type":"binary-expr","locations":[{"start":{"line":58,"column":21},"end":{"line":58,"column":35}},{"start":{"line":58,"column":39},"end":{"line":58,"column":41}}]},"16":{"line":59,"type":"cond-expr","locations":[{"start":{"line":59,"column":45},"end":{"line":59,"column":55}},{"start":{"line":59,"column":58},"end":{"line":59,"column":70}}]},"17":{"line":61,"type":"cond-expr","locations":[{"start":{"line":61,"column":45},"end":{"line":61,"column":54}},{"start":{"line":61,"column":57},"end":{"line":61,"column":68}}]},"18":{"line":63,"type":"binary-expr","locations":[{"start":{"line":63,"column":17},"end":{"line":63,"column":29}},{"start":{"line":63,"column":33},"end":{"line":63,"column":35}}]},"19":{"line":64,"type":"if","locations":[{"start":{"line":64,"column":6},"end":{"line":64,"column":6}},{"start":{"line":64,"column":6},"end":{"line":64,"column":6}}]},"20":{"line":78,"type":"if","locations":[{"start":{"line":78,"column":6},"end":{"line":78,"column":6}},{"start":{"line":78,"column":6},"end":{"line":78,"column":6}}]}},"code":["var glslifyBundle = require('glslify-bundle')","var glslifyDeps   = require('glslify-deps/sync')","var nodeResolve   = require('resolve')","var path          = require('path')","var extend        = require('xtend')","var stackTrace    = require('stack-trace')","","module.exports = function(arg, opts) {","  if (Array.isArray(arg)) { // template string","    return iface().tag.apply(null, arguments)","  } else if (typeof arg === 'string' && !/\\n/.test(arg) && opts && opts._flags) {","    // browserify transform","    return require('./transform.js').apply(this, arguments)","  } else if (typeof arg === 'string' && /\\n/.test(arg)) { // source string","    return iface().compile(arg, opts)","  } else if (typeof arg === 'string') { // source file","    return iface().file(arg, opts)","  } else throw new Error('unhandled argument type: ' + typeof arg)","}","module.exports.compile = function(src, opts) {","  return iface().compile(src, opts)","}","module.exports.file = function(file, opts) {","  return iface().file(file, opts)","}","","function iface () {","  try { var basedir = path.dirname(stackTrace.get()[2].getFileName()) }","  catch (err) { basedir = process.cwd() }","  var posts = []","  return { tag: tag, compile: compile, file: file }","","  function tag(strings) {","    if (typeof strings === 'string') strings = [strings]","    var exprs = [].slice.call(arguments, 1)","    var parts = []","    for (var i = 0; i < strings.length-1; i++) {","      parts.push(strings[i], exprs[i] || '')","    }","    parts.push(strings[i])","    return compile(parts.join(''))","  }","  function compile(src, opts) {","    if (!opts) opts = {}","    var depper = gdeps(opts)","    var deps = depper.inline(src, opts.basedir || basedir)","    return bundle(deps)","  }","  function file(filename, opts) {","    if (!opts) opts = {}","    var depper = gdeps(opts)","    var deps = depper.add(path.resolve(opts.basedir || basedir, filename))","    return bundle(deps)","  }","  function gdeps (opts) {","    if (!opts) opts = {}","    var depper = glslifyDeps({ cwd: opts.basedir || basedir })","    var transforms = opts.transform || []","    transforms = Array.isArray(transforms) ? transforms : [transforms]","    transforms.forEach(function(transform) {","      transform = Array.isArray(transform) ? transform : [transform]","      var name = transform[0]","      var opts = transform[1] || {}","      if (opts.post) {","        posts.push({ name: name, opts: opts })","      } else {","        depper.transform(name, opts)","      }","    })","    return depper","  }","  function bundle (deps) {","    var source = glslifyBundle(deps)","    posts.forEach(function (tr) {","      var target = nodeResolve.sync(tr.name, { basedir: basedir })","      var transform = require(target)","      var src = transform(null, source, { post: true })","      if (src) source = src","    })","    return source","  }","}",""],"l":{"1":1,"2":1,"3":1,"4":1,"5":1,"6":1,"8":1,"9":0,"10":0,"11":0,"13":0,"14":0,"15":0,"16":0,"17":0,"18":0,"20":1,"21":0,"23":1,"24":0,"27":1,"28":0,"29":0,"30":0,"31":0,"33":1,"34":0,"35":0,"36":0,"37":0,"38":0,"40":0,"41":0,"43":1,"44":0,"45":0,"46":0,"47":0,"49":1,"50":0,"51":0,"52":0,"53":0,"55":1,"56":0,"57":0,"58":0,"59":0,"60":0,"61":0,"62":0,"63":0,"64":0,"65":0,"67":0,"70":0,"72":1,"73":0,"74":0,"75":0,"76":0,"77":0,"78":0,"80":0}},"/home/travis/build/npmtest/node-npmtest-glslify/node_modules/glslify-bundle/index.js":{"path":"/home/travis/build/npmtest/node-npmtest-glslify/node_modules/glslify-bundle/index.js","s":{"1":1,"2":1,"3":1,"4":1,"5":1,"6":1,"7":1,"8":1,"9":1,"10":1,"11":1,"12":1,"13":1,"14":0,"15":1,"16":0,"17":0,"18":0,"19":0,"20":0,"21":0,"22":0,"23":0,"24":0,"25":0,"26":0,"27":0,"28":0,"29":0,"30":0,"31":0,"32":1,"33":1,"34":0,"35":0,"36":0,"37":0,"38":0,"39":0,"40":0,"41":0,"42":0,"43":0,"44":0,"45":0,"46":0,"47":0,"48":0,"49":0,"50":0,"51":0,"52":0,"53":0,"54":0,"55":0,"56":0,"57":0,"58":0,"59":0,"60":0,"61":0,"62":0,"63":0,"64":0,"65":1,"66":0,"67":0,"68":0,"69":1,"70":0,"71":0,"72":0,"73":0,"74":0,"75":0,"76":0,"77":0,"78":0,"79":0,"80":0,"81":0,"82":0,"83":0,"84":0,"85":0,"86":0,"87":0,"88":0,"89":0,"90":0,"91":0,"92":0,"93":0,"94":0,"95":0,"96":0,"97":0,"98":0,"99":0,"100":0,"101":0,"102":0,"103":0,"104":0,"105":0,"106":0,"107":0,"108":0,"109":0,"110":0,"111":0,"112":0,"113":0,"114":0,"115":1,"116":0,"117":1,"118":0,"119":1,"120":0,"121":1,"122":0,"123":0,"124":0,"125":1,"126":0,"127":0,"128":0,"129":0,"130":0,"131":0,"132":0,"133":0},"b":{"1":[0,0],"2":[0,0],"3":[0,0],"4":[0,0],"5":[0,0],"6":[0,0],"7":[0,0],"8":[0,0],"9":[0,0],"10":[0,0],"11":[0,0],"12":[0,0],"13":[0,0],"14":[0,0],"15":[0,0],"16":[0,0],"17":[0,0],"18":[0,0],"19":[0,0],"20":[0,0]},"f":{"1":0,"2":0,"3":0,"4":0,"5":0,"6":0,"7":0,"8":0,"9":0,"10":0,"11":0,"12":0,"13":0,"14":0,"15":0,"16":0},"fnMap":{"1":{"name":"(anonymous_1)","line":16,"loc":{"start":{"line":16,"column":17},"end":{"line":16,"column":33}}},"2":{"name":"Bundle","line":22,"loc":{"start":{"line":22,"column":0},"end":{"line":22,"column":23}}},"3":{"name":"(anonymous_3)","line":52,"loc":{"start":{"line":52,"column":19},"end":{"line":52,"column":34}}},"4":{"name":"(anonymous_4)","line":110,"loc":{"start":{"line":110,"column":15},"end":{"line":110,"column":32}}},"5":{"name":"resolve","line":116,"loc":{"start":{"line":116,"column":2},"end":{"line":116,"column":35}}},"6":{"name":"(anonymous_6)","line":149,"loc":{"start":{"line":149,"column":55},"end":{"line":149,"column":69}}},"7":{"name":"(anonymous_7)","line":175,"loc":{"start":{"line":175,"column":39},"end":{"line":175,"column":63}}},"8":{"name":"(anonymous_8)","line":183,"loc":{"start":{"line":183,"column":15},"end":{"line":183,"column":31}}},"9":{"name":"glslifyPreprocessor","line":199,"loc":{"start":{"line":199,"column":0},"end":{"line":199,"column":36}}},"10":{"name":"glslifyExport","line":203,"loc":{"start":{"line":203,"column":0},"end":{"line":203,"column":30}}},"11":{"name":"glslifyImport","line":207,"loc":{"start":{"line":207,"column":0},"end":{"line":207,"column":30}}},"12":{"name":"indexBy","line":211,"loc":{"start":{"line":211,"column":0},"end":{"line":211,"column":29}}},"13":{"name":"(anonymous_13)","line":212,"loc":{"start":{"line":212,"column":21},"end":{"line":212,"column":44}}},"14":{"name":"toMapping","line":218,"loc":{"start":{"line":218,"column":0},"end":{"line":218,"column":26}}},"15":{"name":"(anonymous_15)","line":221,"loc":{"start":{"line":221,"column":21},"end":{"line":221,"column":46}}},"16":{"name":"(anonymous_16)","line":226,"loc":{"start":{"line":226,"column":17},"end":{"line":226,"column":32}}}},"statementMap":{"1":{"start":{"line":3,"column":0},"end":{"line":3,"column":50}},"2":{"start":{"line":4,"column":0},"end":{"line":4,"column":48}},"3":{"start":{"line":5,"column":0},"end":{"line":5,"column":47}},"4":{"start":{"line":6,"column":0},"end":{"line":6,"column":43}},"5":{"start":{"line":7,"column":0},"end":{"line":7,"column":43}},"6":{"start":{"line":8,"column":0},"end":{"line":8,"column":43}},"7":{"start":{"line":9,"column":0},"end":{"line":9,"column":43}},"8":{"start":{"line":10,"column":0},"end":{"line":10,"column":41}},"9":{"start":{"line":11,"column":0},"end":{"line":11,"column":39}},"10":{"start":{"line":12,"column":0},"end":{"line":12,"column":39}},"11":{"start":{"line":13,"column":0},"end":{"line":13,"column":41}},"12":{"start":{"line":14,"column":0},"end":{"line":14,"column":34}},"13":{"start":{"line":16,"column":0},"end":{"line":20,"column":1}},"14":{"start":{"line":17,"column":2},"end":{"line":19,"column":4}},"15":{"start":{"line":22,"column":0},"end":{"line":48,"column":1}},"16":{"start":{"line":23,"column":2},"end":{"line":23,"column":56}},"17":{"start":{"line":23,"column":33},"end":{"line":23,"column":56}},"18":{"start":{"line":26,"column":2},"end":{"line":26,"column":23}},"19":{"start":{"line":28,"column":2},"end":{"line":28,"column":21}},"20":{"start":{"line":29,"column":2},"end":{"line":29,"column":37}},"21":{"start":{"line":30,"column":2},"end":{"line":30,"column":20}},"22":{"start":{"line":31,"column":2},"end":{"line":31,"column":17}},"23":{"start":{"line":32,"column":2},"end":{"line":32,"column":21}},"24":{"start":{"line":34,"column":2},"end":{"line":34,"column":15}},"25":{"start":{"line":36,"column":2},"end":{"line":38,"column":3}},"26":{"start":{"line":37,"column":4},"end":{"line":37,"column":28}},"27":{"start":{"line":40,"column":2},"end":{"line":44,"column":3}},"28":{"start":{"line":41,"column":4},"end":{"line":43,"column":5}},"29":{"start":{"line":42,"column":6},"end":{"line":42,"column":54}},"30":{"start":{"line":46,"column":2},"end":{"line":46,"column":29}},"31":{"start":{"line":47,"column":2},"end":{"line":47,"column":52}},"32":{"start":{"line":50,"column":0},"end":{"line":50,"column":28}},"33":{"start":{"line":52,"column":0},"end":{"line":108,"column":1}},"34":{"start":{"line":53,"column":2},"end":{"line":53,"column":35}},"35":{"start":{"line":54,"column":2},"end":{"line":54,"column":18}},"36":{"start":{"line":55,"column":2},"end":{"line":55,"column":20}},"37":{"start":{"line":57,"column":2},"end":{"line":57,"column":15}},"38":{"start":{"line":58,"column":2},"end":{"line":58,"column":15}},"39":{"start":{"line":60,"column":2},"end":{"line":88,"column":3}},"40":{"start":{"line":61,"column":4},"end":{"line":61,"column":25}},"41":{"start":{"line":62,"column":4},"end":{"line":62,"column":47}},"42":{"start":{"line":62,"column":39},"end":{"line":62,"column":47}},"43":{"start":{"line":63,"column":4},"end":{"line":63,"column":50}},"44":{"start":{"line":63,"column":42},"end":{"line":63,"column":50}},"45":{"start":{"line":65,"column":4},"end":{"line":65,"column":44}},"46":{"start":{"line":66,"column":4},"end":{"line":66,"column":44}},"47":{"start":{"line":68,"column":4},"end":{"line":87,"column":5}},"48":{"start":{"line":69,"column":6},"end":{"line":69,"column":27}},"49":{"start":{"line":70,"column":6},"end":{"line":70,"column":27}},"50":{"start":{"line":71,"column":11},"end":{"line":87,"column":5}},"51":{"start":{"line":72,"column":6},"end":{"line":72,"column":28}},"52":{"start":{"line":73,"column":6},"end":{"line":73,"column":46}},"53":{"start":{"line":74,"column":6},"end":{"line":77,"column":30}},"54":{"start":{"line":78,"column":6},"end":{"line":78,"column":48}},"55":{"start":{"line":79,"column":6},"end":{"line":85,"column":8}},"56":{"start":{"line":86,"column":6},"end":{"line":86,"column":27}},"57":{"start":{"line":90,"column":2},"end":{"line":90,"column":37}},"58":{"start":{"line":91,"column":2},"end":{"line":93,"column":3}},"59":{"start":{"line":92,"column":4},"end":{"line":92,"column":16}},"60":{"start":{"line":95,"column":2},"end":{"line":97,"column":3}},"61":{"start":{"line":96,"column":4},"end":{"line":96,"column":31}},"62":{"start":{"line":99,"column":2},"end":{"line":101,"column":3}},"63":{"start":{"line":100,"column":4},"end":{"line":100,"column":62}},"64":{"start":{"line":103,"column":2},"end":{"line":107,"column":3}},"65":{"start":{"line":110,"column":0},"end":{"line":197,"column":1}},"66":{"start":{"line":111,"column":2},"end":{"line":111,"column":19}},"67":{"start":{"line":112,"column":2},"end":{"line":112,"column":36}},"68":{"start":{"line":114,"column":2},"end":{"line":114,"column":15}},"69":{"start":{"line":116,"column":2},"end":{"line":196,"column":3}},"70":{"start":{"line":118,"column":4},"end":{"line":118,"column":19}},"71":{"start":{"line":119,"column":4},"end":{"line":119,"column":49}},"72":{"start":{"line":120,"column":4},"end":{"line":120,"column":34}},"73":{"start":{"line":122,"column":4},"end":{"line":124,"column":5}},"74":{"start":{"line":123,"column":6},"end":{"line":123,"column":17}},"75":{"start":{"line":127,"column":4},"end":{"line":127,"column":48}},"76":{"start":{"line":128,"column":4},"end":{"line":130,"column":5}},"77":{"start":{"line":129,"column":6},"end":{"line":129,"column":29}},"78":{"start":{"line":133,"column":4},"end":{"line":133,"column":19}},"79":{"start":{"line":134,"column":4},"end":{"line":137,"column":5}},"80":{"start":{"line":135,"column":6},"end":{"line":135,"column":31}},"81":{"start":{"line":136,"column":6},"end":{"line":136,"column":37}},"82":{"start":{"line":140,"column":4},"end":{"line":140,"column":36}},"83":{"start":{"line":141,"column":4},"end":{"line":141,"column":18}},"84":{"start":{"line":142,"column":4},"end":{"line":170,"column":5}},"85":{"start":{"line":143,"column":6},"end":{"line":143,"column":27}},"86":{"start":{"line":145,"column":6},"end":{"line":145,"column":32}},"87":{"start":{"line":146,"column":6},"end":{"line":146,"column":32}},"88":{"start":{"line":147,"column":6},"end":{"line":147,"column":36}},"89":{"start":{"line":149,"column":6},"end":{"line":165,"column":8}},"90":{"start":{"line":150,"column":8},"end":{"line":150,"column":34}},"91":{"start":{"line":153,"column":8},"end":{"line":155,"column":9}},"92":{"start":{"line":154,"column":10},"end":{"line":154,"column":28}},"93":{"start":{"line":159,"column":8},"end":{"line":159,"column":52}},"94":{"start":{"line":160,"column":8},"end":{"line":162,"column":9}},"95":{"start":{"line":161,"column":10},"end":{"line":161,"column":84}},"96":{"start":{"line":164,"column":8},"end":{"line":164,"column":54}},"97":{"start":{"line":167,"column":6},"end":{"line":167,"column":62}},"98":{"start":{"line":168,"column":6},"end":{"line":168,"column":42}},"99":{"start":{"line":169,"column":6},"end":{"line":169,"column":47}},"100":{"start":{"line":173,"column":4},"end":{"line":173,"column":50}},"101":{"start":{"line":174,"column":4},"end":{"line":174,"column":42}},"102":{"start":{"line":175,"column":4},"end":{"line":180,"column":6}},"103":{"start":{"line":176,"column":6},"end":{"line":176,"column":41}},"104":{"start":{"line":176,"column":29},"end":{"line":176,"column":41}},"105":{"start":{"line":177,"column":6},"end":{"line":177,"column":45}},"106":{"start":{"line":177,"column":25},"end":{"line":177,"column":45}},"107":{"start":{"line":179,"column":6},"end":{"line":179,"column":27}},"108":{"start":{"line":183,"column":4},"end":{"line":185,"column":6}},"109":{"start":{"line":184,"column":6},"end":{"line":184,"column":24}},"110":{"start":{"line":187,"column":4},"end":{"line":192,"column":5}},"111":{"start":{"line":188,"column":6},"end":{"line":188,"column":25}},"112":{"start":{"line":189,"column":6},"end":{"line":191,"column":38}},"113":{"start":{"line":194,"column":4},"end":{"line":194,"column":31}},"114":{"start":{"line":195,"column":4},"end":{"line":195,"column":31}},"115":{"start":{"line":199,"column":0},"end":{"line":201,"column":1}},"116":{"start":{"line":200,"column":2},"end":{"line":200,"column":38}},"117":{"start":{"line":203,"column":0},"end":{"line":205,"column":1}},"118":{"start":{"line":204,"column":2},"end":{"line":204,"column":59}},"119":{"start":{"line":207,"column":0},"end":{"line":209,"column":1}},"120":{"start":{"line":208,"column":2},"end":{"line":208,"column":76}},"121":{"start":{"line":211,"column":0},"end":{"line":216,"column":1}},"122":{"start":{"line":212,"column":2},"end":{"line":215,"column":8}},"123":{"start":{"line":213,"column":4},"end":{"line":213,"column":28}},"124":{"start":{"line":214,"column":4},"end":{"line":214,"column":15}},"125":{"start":{"line":218,"column":0},"end":{"line":232,"column":1}},"126":{"start":{"line":219,"column":2},"end":{"line":219,"column":25}},"127":{"start":{"line":219,"column":13},"end":{"line":219,"column":25}},"128":{"start":{"line":221,"column":2},"end":{"line":231,"column":8}},"129":{"start":{"line":222,"column":4},"end":{"line":222,"column":33}},"130":{"start":{"line":224,"column":4},"end":{"line":224,"column":25}},"131":{"start":{"line":226,"column":4},"end":{"line":228,"column":6}},"132":{"start":{"line":227,"column":6},"end":{"line":227,"column":25}},"133":{"start":{"line":230,"column":4},"end":{"line":230,"column":18}}},"branchMap":{"1":{"line":23,"type":"if","locations":[{"start":{"line":23,"column":2},"end":{"line":23,"column":2}},{"start":{"line":23,"column":2},"end":{"line":23,"column":2}}]},"2":{"line":41,"type":"if","locations":[{"start":{"line":41,"column":4},"end":{"line":41,"column":4}},{"start":{"line":41,"column":4},"end":{"line":41,"column":4}}]},"3":{"line":62,"type":"if","locations":[{"start":{"line":62,"column":4},"end":{"line":62,"column":4}},{"start":{"line":62,"column":4},"end":{"line":62,"column":4}}]},"4":{"line":63,"type":"if","locations":[{"start":{"line":63,"column":4},"end":{"line":63,"column":4}},{"start":{"line":63,"column":4},"end":{"line":63,"column":4}}]},"5":{"line":68,"type":"if","locations":[{"start":{"line":68,"column":4},"end":{"line":68,"column":4}},{"start":{"line":68,"column":4},"end":{"line":68,"column":4}}]},"6":{"line":71,"type":"if","locations":[{"start":{"line":71,"column":11},"end":{"line":71,"column":11}},{"start":{"line":71,"column":11},"end":{"line":71,"column":11}}]},"7":{"line":91,"type":"if","locations":[{"start":{"line":91,"column":2},"end":{"line":91,"column":2}},{"start":{"line":91,"column":2},"end":{"line":91,"column":2}}]},"8":{"line":91,"type":"binary-expr","locations":[{"start":{"line":91,"column":6},"end":{"line":91,"column":9}},{"start":{"line":91,"column":13},"end":{"line":91,"column":31}}]},"9":{"line":95,"type":"if","locations":[{"start":{"line":95,"column":2},"end":{"line":95,"column":2}},{"start":{"line":95,"column":2},"end":{"line":95,"column":2}}]},"10":{"line":96,"type":"binary-expr","locations":[{"start":{"line":96,"column":14},"end":{"line":96,"column":21}},{"start":{"line":96,"column":25},"end":{"line":96,"column":31}}]},"11":{"line":99,"type":"if","locations":[{"start":{"line":99,"column":2},"end":{"line":99,"column":2}},{"start":{"line":99,"column":2},"end":{"line":99,"column":2}}]},"12":{"line":122,"type":"if","locations":[{"start":{"line":122,"column":4},"end":{"line":122,"column":4}},{"start":{"line":122,"column":4},"end":{"line":122,"column":4}}]},"13":{"line":128,"type":"if","locations":[{"start":{"line":128,"column":4},"end":{"line":128,"column":4}},{"start":{"line":128,"column":4},"end":{"line":128,"column":4}}]},"14":{"line":153,"type":"if","locations":[{"start":{"line":153,"column":8},"end":{"line":153,"column":8}},{"start":{"line":153,"column":8},"end":{"line":153,"column":8}}]},"15":{"line":160,"type":"if","locations":[{"start":{"line":160,"column":8},"end":{"line":160,"column":8}},{"start":{"line":160,"column":8},"end":{"line":160,"column":8}}]},"16":{"line":161,"type":"binary-expr","locations":[{"start":{"line":161,"column":23},"end":{"line":161,"column":40}},{"start":{"line":161,"column":45},"end":{"line":161,"column":63}}]},"17":{"line":164,"type":"binary-expr","locations":[{"start":{"line":164,"column":20},"end":{"line":164,"column":33}},{"start":{"line":164,"column":38},"end":{"line":164,"column":52}}]},"18":{"line":176,"type":"if","locations":[{"start":{"line":176,"column":6},"end":{"line":176,"column":6}},{"start":{"line":176,"column":6},"end":{"line":176,"column":6}}]},"19":{"line":177,"type":"if","locations":[{"start":{"line":177,"column":6},"end":{"line":177,"column":6}},{"start":{"line":177,"column":6},"end":{"line":177,"column":6}}]},"20":{"line":219,"type":"if","locations":[{"start":{"line":219,"column":2},"end":{"line":219,"column":2}},{"start":{"line":219,"column":2},"end":{"line":219,"column":2}}]}},"code":["/*eslint-disable no-redeclare */","","var hash = require('murmurhash-js/murmurhash3_gc')","var trim = require('glsl-token-whitespace-trim')","var tokenize = require('glsl-tokenizer/string')","var inject = require('glsl-inject-defines')","var defines = require('glsl-token-defines')","var
[...]
start":{"line":358,"column":4},"end":{"line":360,"column":6}},"179":{"start":{"line":359,"column":6},"end":{"line":359,"column":33}}},"branchMap":{"1":{"line":26,"type":"if","locations":[{"start":{"line":26,"column":2},"end":{"line":26,"column":2}},{"start":{"line":26,"column":2},"end":{"line":26,"column":2}}]},"2":{"line":29,"type":"cond-expr","locations":[{"start":{"line":29,"column":36},"end":{"line":29,"column":49}},{"start":{"line":29,"column":52},"end":{"line":29,"column":56}}]},"3":{"line":30,"type":"binary-expr","locations":[{"start":{"line":30,"column":9},"end":{"line":30,"column":13}},{"start":{"line":30,"column":17},"end":{"line":30,"column":19}}]},"4":{"line":33,"type":"binary-expr","locations":[{"start":{"line":33,"column":21},"end":{"line":33,"column":29}},{"start":{"line":33,"column":33},"end":{"line":33,"column":46}}]},"5":{"line":38,"type":"binary-expr","locations":[{"start":{"line":38,"column":21},"end":{"line":38,"column":31}},{"start":{"line":38,"column":35},"end":{"line":38,"column":37}}]},"6":{"line":42,"type":"binary-expr","locations":[{"start":{"line":42,"column":29},"end":{"line":42,"column":42}},{"start":{"line":42,"column":46},"end":{"line":42,"column":57}}]},"7":{"line":43,"type":"binary-expr","locations":[{"start":{"line":43,"column":19},"end":{"line":43,"column":31}},{"start":{"line":43,"column":35},"end":{"line":43,"column":46}}]},"8":{"line":45,"type":"if","locations":[{"start":{"line":45,"column":2},"end":{"line":45,"column":2}},{"start":{"line":45,"column":2},"end":{"line":45,"column":2}}]},"9":{"line":51,"type":"binary-expr","locations":[{"start":{"line":51,"column":32},"end":{"line":51,"column":39}},{"start":{"line":51,"column":43},"end":{"line":51,"column":56}}]},"10":{"line":56,"type":"binary-expr","locations":[{"start":{"line":56,"column":4},"end":{"line":56,"column":8}},{"start":{"line":56,"column":12},"end":{"line":56,"column":35}}]},"11":{"line":56,"type":"binary-expr","locations":[{"start":{"line":56,"column":22},"end":{"line":56,"column":26}},{"start":{"line":56,"column":30},"end":{"line":56,"column":34}}]},"12":{"line":80,"type":"cond-expr","locations":[{"start":{"line":80,"column":45},"end":{"line":80,"column":54}},{"start":{"line":80,"column":57},"end":{"line":80,"column":61}}]},"13":{"line":81,"type":"cond-expr","locations":[{"start":{"line":82,"column":6},"end":{"line":82,"column":28}},{"start":{"line":83,"column":6},"end":{"line":83,"column":22}}]},"14":{"line":81,"type":"binary-expr","locations":[{"start":{"line":81,"column":13},"end":{"line":81,"column":17}},{"start":{"line":81,"column":21},"end":{"line":81,"column":32}}]},"15":{"line":87,"type":"if","locations":[{"start":{"line":87,"column":2},"end":{"line":87,"column":2}},{"start":{"line":87,"column":2},"end":{"line":87,"column":2}}]},"16":{"line":87,"type":"binary-expr","locations":[{"start":{"line":87,"column":6},"end":{"line":87,"column":10}},{"start":{"line":87,"column":14},"end":{"line":87,"column":23}}]},"17":{"line":126,"type":"if","locations":[{"start":{"line":126,"column":4},"end":{"line":126,"column":4}},{"start":{"line":126,"column":4},"end":{"line":126,"column":4}}]},"18":{"line":129,"type":"if","locations":[{"start":{"line":129,"column":6},"end":{"line":129,"column":6}},{"start":{"line":129,"column":6},"end":{"line":129,"column":6}}]},"19":{"line":133,"type":"if","locations":[{"start":{"line":133,"column":8},"end":{"line":133,"column":8}},{"start":{"line":133,"column":8},"end":{"line":133,"column":8}}]},"20":{"line":139,"type":"binary-expr","locations":[{"start":{"line":139,"column":12},"end":{"line":139,"column":16}},{"start":{"line":139,"column":20},"end":{"line":139,"column":49}}]},"21":{"line":139,"type":"binary-expr","locations":[{"start":{"line":139,"column":30},"end":{"line":139,"column":34}},{"start":{"line":139,"column":38},"end":{"line":139,"column":48}}]},"22":{"line":153,"type":"if","locations":[{"start":{"line":153,"column":6},"end":{"line":153,"column":6}},{"start":{"line":153,"column":6},"end":{"line":153,"column":6}}]},"23":{"line":156,"type":"if","locations":[{"start":{"line":156,"column":6},"end":{"line":156,"column":6}},{"start":{"line":156,"column":6},"end":{"line":156,"column":6}}]},"24":{"line":160,"type":"if","locations":[{"start":{"line":160,"column":6},"end":{"line":160,"column":6}},{"start":{"line":160,"column":6},"end":{"line":160,"column":6}}]},"25":{"line":161,"type":"if","locations":[{"start":{"line":161,"column":6},"end":{"line":161,"column":6}},{"start":{"line":161,"column":6},"end":{"line":161,"column":6}}]},"26":{"line":174,"type":"if","locations":[{"start":{"line":174,"column":8},"end":{"line":174,"column":8}},{"start":{"line":174,"column":8},"end":{"line":174,"column":8}}]},"27":{"line":176,"type":"if","locations":[{"start":{"line":176,"column":8},"end":{"line":176,"column":8}},{"start":{"line":176,"column":8},"end":{"line":176,"column":8}}]},"28":{"line":182,"type":"if","locations":[{"start":{"line":182,"column":10},"end":{"line":182,"column":10}},{"start":{"line":182,"column":10},"end":{"line":182,"column":10}}]},"29":{"line":192,"type":"if","locations":[{"start":{"line":192,"column":2},"end":{"line":192,"column":2}},{"start":{"line":192,"column":2},"end":{"line":192,"column":2}}]},"30":{"line":214,"type":"if","locations":[{"start":{"line":214,"column":2},"end":{"line":214,"column":2}},{"start":{"line":214,"column":2},"end":{"line":214,"column":2}}]},"31":{"line":222,"type":"cond-expr","locations":[{"start":{"line":222,"column":36},"end":{"line":222,"column":38}},{"start":{"line":222,"column":41},"end":{"line":222,"column":57}}]},"32":{"line":225,"type":"if","locations":[{"start":{"line":225,"column":2},"end":{"line":225,"column":2}},{"start":{"line":225,"column":2},"end":{"line":225,"column":2}}]},"33":{"line":230,"type":"binary-expr","locations":[{"start":{"line":230,"column":19},"end":{"line":230,"column":22}},{"start":{"line":230,"column":26},"end":{"line":230,"column":53}}]},"34":{"line":231,"type":"if","locations":[{"start":{"line":231,"column":4},"end":{"line":231,"column":4}},{"start":{"line":231,"column":4},"end":{"line":231,"column":4}}]},"35":{"line":232,"type":"if","locations":[{"start":{"line":232,"column":4},"end":{"line":232,"column":4}},{"start":{"line":232,"column":4},"end":{"line":232,"column":4}}]},"36":{"line":237,"type":"if","locations":[{"start":{"line":237,"column":6},"end":{"line":237,"column":6}},{"start":{"line":237,"column":6},"end":{"line":237,"column":6}}]},"37":{"line":244,"type":"binary-expr","locations":[{"start":{"line":244,"column":11},"end":{"line":244,"column":29}},{"start":{"line":245,"column":11},"end":{"line":245,"column":42}},{"start":{"line":246,"column":11},"end":{"line":246,"column":13}}]},"38":{"line":250,"type":"cond-expr","locations":[{"start":{"line":251,"column":12},"end":{"line":251,"column":15}},{"start":{"line":252,"column":12},"end":{"line":252,"column":21}}]},"39":{"line":257,"type":"if","locations":[{"start":{"line":257,"column":8},"end":{"line":257,"column":8}},{"start":{"line":257,"column":8},"end":{"line":257,"column":8}}]},"40":{"line":289,"type":"if","locations":[{"start":{"line":289,"column":2},"end":{"line":289,"column":2}},{"start":{"line":289,"column":2},"end":{"line":289,"column":2}}]},"41":{"line":317,"type":"if","locations":[{"start":{"line":317,"column":4},"end":{"line":317,"column":4}},{"start":{"line":317,"column":4},"end":{"line":317,"column":4}}]},"42":{"line":318,"type":"if","locations":[{"start":{"line":318,"column":4},"end":{"line":318,"column":4}},{"start":{"line":318,"column":4},"end":{"line":318,"column":4}}]},"43":{"line":323,"type":"if","locations":[{"start":{"line":323,"column":4},"end":{"line":323,"column":4}},{"start":{"line":323,"column":4},"end":{"line":323,"column":4}}]},"44":{"line":323,"type":"binary-expr","locations":[{"start":{"line":323,"column":8},"end":{"line":323,"column":13}},{"start":{"line":323,"column":17},"end":{"line":323,"column":41}}]},"45":{"line":354,"type":"if","locations":[{"start":{"line":354,"column":4},"end":{"line":354,"column":4}},{"start":{"line":354,"column":4},"end":{"line":354,"column":4}}]}},"code":["var tokenize = require('glsl-tokenizer/string')","var fs       = require('graceful-fs')","var map      = require('map-limit')","var inherits = require('inherits')","var Emitter  = require('events/')","var findup   = require('findup')","var path     = require('path')","","var glslResolve = require('glsl-resolve')","var nodeResolve = require('resolve')","","var inlineName   = '__INLINE__' + Math.random()","var inlineSource = ''","","module.exports = Depper","","/**"," * Creates a new instance of glslify-deps. Generally, you'll"," * want to use one instance per bundle."," *"," * @class"," * @param {String} cwd The root directory of your shader. Defaults to process.cwd()"," */","inherits(Depper, Emitter)","function Depper(opts) {","  if (!(this instanceof Depper)) return new Depper(opts)","  Emitter.call(this)","","  opts = typeof opts === 'string' ? { cwd: opts } : opts","  opts = opts || {}","","  this._deps       = []","  this._cwd        = opts.cwd || process.cwd()","  this._cache      = {}","  this._i          = 0","  this._transforms = []","  this._trCache    = {}","  this._fileCache  = opts.files || {}","","  this._globalTransforms = []","","  this._readFile = cacheWrap(opts.readFile || defaultRead, this._fileCache)","  this.resolve   = opts.resolve || glslResolve","","  if (typeof this._cwd !== 'string') {","    throw new Error('glslify-deps: cwd must be a string path')","  }","}","","Depper.prototype.inline = function(source, basedir, done) {","  var inlineFile = path.resolve(basedir || process.cwd(), inlineName)","","  inlineSource = source","","  this.add(inlineFile, function(err, tree) {","    done && done(err, !err && tree)","  })","}","","/**"," * Adds a transform to use on your local dependencies."," * Note that this should be used before calling `add`."," *"," * Transforms are handled using a different API to browserify, e.g.:"," *"," * ``` js"," * module.exports = function transform(filename, src, opts, done) {"," *   done(null, src.toUpperCase())"," * }"," * ```"," *"," * Where `filename` is the absolute file path, `src` is the shader source"," * as a string, `opts` is an options object for configuration, and `done`"," * is a callback which takes the transformed shader source."," *"," * @param {String|Function} transform"," * @param {Object} opts"," */","Depper.prototype.transform = function(transform, opts) {","  var name = typeof transform === 'string' ? transform : null","  var list = opts && opts.global","    ? this._globalTransforms","    : this._transforms","","  // post transforms are ignored by glslify-deps, to be handled","  // by glslify after the file has been bundled.","  if (opts && opts.post) return this","","  transform = this.resolveTransform(transform)","  list.push({ tr: transform, opts: opts, name: name })","","  return this","}","","/**"," * Adds a shader file to the graph, including its dependencies"," * which are resolved in this step. Transforms are also applied"," * in the process too, as they may potentially add or remove dependent"," * modules."," *"," * @param {String} filename The absolute path of this file."," * @param {String} src The shader source for this file."," * @param {Function} done(err, deps)"," *"," * The `done` callback will be called when the entire graph has been"," * resolved, and will include an array of dependencies discovered"," * so far as its second argument."," */","Depper.prototype.add = function(filename, done) {","  var basedir = path.dirname(filename = path.resolve(filename))","  var cache   = this._cache","  var self    = this","  var exports = []","  var imports = []","","  var dep = {","      id: this._i++","    , deps: {}","    , file: filename","    , source: null","    , entry: this._i === 1","  }","","  this._deps.push(dep)","  this.readFile(filename, function(err, src) {","    if (err) return done(err)","","    self.getTransformsForFile(filename, function(err, trs) {","      if (err) return done(err)","","      self.emit('file', filename)","      self.applyTransforms(filename, src, trs, function(err, src) {","        if (err) return done(err)","","        dep.source = src","        extractPreprocessors()","        resolveImports(function(err) {","          setTimeout(function() {","            done && done(err, !err && self._deps)","          })","        })","      })","    })","  })","","  return dep","","  function extractPreprocessors() {","    var tokens = tokenize(dep.source)","","    for (var i = 0; i < tokens.length; i++) {","      var token = tokens[i]","      if (token.type !== 'preprocessor') continue","","      var data = token.data","      if (!glslifyPreprocessor(data)) continue","","      var exp = glslifyExport(data)","      var imp = glslifyImport(data)","      if (exp) exports.push(exp[1])","      if (imp) imports.push(imp[2])","    }","  }","","  function resolveImports(resolved) {","    map(imports, 10, function(imp, next) {","      var importName = imp.split(/\\s*,\\s*/).shift()","","      importName = importName.trim()","      importName = importName.replace(/^'|'$/g, '')","      importName = importName.replace(/^\"|\"$/g, '')","","      self.resolve(importName, { basedir: basedir }, function(err, resolved) {","        if (err) return next(err)","","        if (cache[resolved]) {","          dep.deps[importName] = cache[resolved].id","          return next()","        }","","        cache[resolved] = self.add(resolved, function(err) {","          if (err) return next(err)","          dep.deps[importName] = cache[resolved].id","          next()","        })","      })","    }, resolved)","  }","}","","Depper.prototype.readFile = function(filename, done) {","  if (path.basename(filename) !== inlineName)","    return this._readFile(filename, done)","","  return done(null, inlineSource)","}","","/**"," * Determines which transforms to use for a particular file."," * The rules here are the same you see in browserify:"," *"," * - your shader files will have your specified transforms applied to them"," * - shader files in node_modules do not get local transforms"," * - all files will apply transforms specified in `glslify.transform` in your"," *   `package.json` file, albeit after any transforms you specified using"," *   `depper.transform`."," *"," * @param {String} filename The absolute path of the file in question."," */","Depper.prototype.getTransformsForFile = function(filename, done) {","  var self  = this","  var entry = this._deps[0]","","  if (!entry) return done(new Error(","    'getTransformsForFile may only be called after adding your entry file'","  ))","","  var entryDir     = path.dirname(path.resolve(entry.file))","  var fileDir      = path.dirname(path.resolve(filename))","  var relative     = path.relative(entryDir, fileDir).split(path.sep)","  var node_modules = relative.indexOf('node_modules') !== -1","  var trLocal      = node_modules ? [] : this._transforms","  var trCache      = this._trCache","","  if (trCache[fileDir]) {","    return done(null, trCache[fileDir])","  }","","  findup(fileDir, 'package.json', function(err, found) {","    var notFound = err && err.message === 'not found'","    if (notFound) return register([])","    if (err) return done(err)","","    var pkg = path.join(found, 'package.json')","","    self.readFile(pkg, function(err, pkgjson) {","      if (err) return done(err)","","      try {","        pkgjson = JSON.parse(pkgjson)","      } catch(e) { return done(e) }","","      var transforms = (","           pkgjson['glslify']","        && pkgjson['glslify']['transform']","        || []","      )","","      transforms = transforms.map(function(key) {","        var transform = Array.isArray(key)","          ? key","          : [key, {}]","","        var key = transform[0]","        var opt = transform[1]","","        if (opt) {","          delete opt.global","          delete opt.post","        }","","        return { tr: key, opts: opt, name: key }","      }).map(function(tr) {","        tr.tr = self.resolveTransform(tr.tr)","        return tr","      })","","      register(transforms)","    })","  })","","  function register(transforms) {","    done(null, trCache[fileDir] = trLocal","      .concat(transforms)","      .concat(self._globalTransforms))","  }","}","","/**"," * Resolves a transform."," *"," * Functions are retained as-is."," * Strings are resolved using node's `require` resolution algorithm,"," * and then required directly."," *"," * @param {String|Function} transform"," */","Depper.prototype.resolveTransform = function(transform) {","  if (typeof transform === 'string') {","    transform = nodeResolve.sync(transform, {","      basedir: this._cwd","    })","","    transform = require(transform)","  }","","  return transform","}","","/**"," * Applies a transform to a string."," *"," * Note that transforms here are passed in differently to other methods:"," * - `tr.tr` should point to the transform function."," * - `tr.opts` should contain the options for the transform, if applicable."," *"," * @param {String} filename The absolute path of the file you're transforming."," * @param {String} src The shader source you'd like to transform."," * @param {Array} transforms The transforms you'd like to apply."," * @param {Function} done(err, transformed)"," */","Depper.prototype.applyTransforms = function(filename, src, transforms, done) {","  var i = 0","","  next(null, src)","  function next(err, updated) {","    if (err) return done(err)","    if (i >= transforms.length) return done(null, updated)","","    var tr = transforms[i++]","    var opts = tr.opts","","    if (!opts || typeof opts !== 'object') opts = {}","    tr.tr(filename, updated+'', tr.opts, next)","  }","}","","function glslifyPreprocessor(data) {","  return /#pragma glslify:/.test(data)","}","","function glslifyExport(data) {","  return /#pragma glslify:\\s*export\\(([^\\)]+)\\)/.exec(data)","}","","function glslifyImport(data) {","  return /#pragma glslify:\\s*([^=\\s]+)\\s*=\\s*require\\(([^\\)]+)\\)/.exec(data)","}","","function defaultRead(src, done) {","  fs.readFile(src, 'utf8', done)","}","","function cacheWrap(read, cache) {","  // resolve all cached files such that they match","  // all of the paths glslify handles, which are otherwise","  // absolute","  cache = Object.keys(cache).reduce(function(newCache, file) {","    newCache[path.resolve(file)] = cache[file]","    return newCache","  }, {})","","  return function readFromCache(filename, done) {","    if (!cache[filename]) {","      return read(filename, done)","    }","","    process.nextTick(function() {","      done(null, cache[filename])","    })","  }","}",""],"l":{"1":1,"2":1,"3":1,"4":1,"5":1,"6":1,"7":1,"9":1,"10":1,"12":1,"13":1,"15":1,"24":1,"25":1,"26":0,"27":0,"29":0,"30":0,"32":0,"33":0,"34":0,"35":0,"36":0,"37":0,"38":0,"40":0,"42":0,"43":0,"45":0,"46":0,"50":1,"51":0,"53":0,"55":0,"56":0,"79":1,"80":0,"81":0,"87":0,"89":0,"90":0,"92":0,"109":1,"110":0,"111":0,"112":0,"113":0,"114":0,"116":0,"124":0,"125":0,"126":0,"128":0,"129":0,"131":0,"132":0,"133":0,"135":0,"136":0,"137":0,"138":0,"139":0,"146":0,"148":1,"149":0,"151":0,"152":0,"153":0,"155":0,"156":0,"158":0,"159":0,"160":0,"161":0,"165":1,"166":0,"167":0,"169":0,"170":0,"171":0,"173":0,"174":0,"176":0,"177":0,"178":0,"181":0,"182":0,"183":0,"184":0,"191":1,"192":0,"193":0,"195":0,"210":1,"211":0,"212":0,"214":0,"218":0,"219":0,"220":0,"221":0,"222":0,"223":0,"225":0,"226":0,"229":0,"230":0,"231":0,"232":0,"234":0,"236":0,"237":0,"239":0,"240":0,"241":0,"243":0,"249":0,"250":0,"254":0,"255":0,"257":0,"258":0,"259":0,"262":0,"264":0,"265":0,"268":0,"272":1,"273":0,"288":1,"289":0,"290":0,"294":0,"297":0,"312":1,"313":0,"315":0,"316":1,"317":0,"318":0,"320":0,"321":0,"323":0,"324":0,"328":1,"329":0,"332":1,"333":0,"336":1,"337":0,"340":1,"341":0,"344":1,"348":0,"349":0,"350":0,"353":0,"354":0,"355":0,"358":0,"359":0}}}